+ cd /home/fuchs/agchiocchetti/chiocchetti/Projects/RAISE_genic/
+ inputfile=/scratch/fuchs/agchiocchetti/chiocchetti/RAISEGenicData/VCF_Files/Merged_LGD_RAISE_Genic_WES_F_K_B_merged.vcf.gz.raw
+ inputbim=/scratch/fuchs/agchiocchetti/chiocchetti/RAISEGenicData/VCF_Files/Merged_LGD_RAISE_Genic_WES_F_K_B_merged.vcf.gz.bim
++ wc -l
+ linestot=1320
++ expr 1320 / 10
+ linespart=132
+ split -l 132 - /scratch/fuchs/agchiocchetti/chiocchetti/RAISEGenicData/VCF_Files/Merged_LGD_RAISE_Genic_WES_F_K_B_merged.vcf.gz.raw.part_
+ tail -n +2 /scratch/fuchs/agchiocchetti/chiocchetti/RAISEGenicData/VCF_Files/Merged_LGD_RAISE_Genic_WES_F_K_B_merged.vcf.gz.raw
+ for file in '$inputfile.part_*'
+ for file in '$inputfile.part_*'
+ for file in '$inputfile.part_*'
+ for file in '$inputfile.part_*'
+ for file in '$inputfile.part_*'
+ for file in '$inputfile.part_*'
++ basename -- /scratch/fuchs/agchiocchetti/chiocchetti/RAISEGenicData/VCF_Files/Merged_LGD_RAISE_Genic_WES_F_K_B_merged.vcf.gz.raw.part_ab
+ for file in '$inputfile.part_*'
++ basename -- /scratch/fuchs/agchiocchetti/chiocchetti/RAISEGenicData/VCF_Files/Merged_LGD_RAISE_Genic_WES_F_K_B_merged.vcf.gz.raw.part_ac
+ for file in '$inputfile.part_*'
++ basename -- /scratch/fuchs/agchiocchetti/chiocchetti/RAISEGenicData/VCF_Files/Merged_LGD_RAISE_Genic_WES_F_K_B_merged.vcf.gz.raw.part_ae
+ for file in '$inputfile.part_*'
+ for file in '$inputfile.part_*'
++ basename -- /scratch/fuchs/agchiocchetti/chiocchetti/RAISEGenicData/VCF_Files/Merged_LGD_RAISE_Genic_WES_F_K_B_merged.vcf.gz.raw.part_af
+ wait
++ basename -- /scratch/fuchs/agchiocchetti/chiocchetti/RAISEGenicData/VCF_Files/Merged_LGD_RAISE_Genic_WES_F_K_B_merged.vcf.gz.raw.part_ag
++ basename -- /scratch/fuchs/agchiocchetti/chiocchetti/RAISEGenicData/VCF_Files/Merged_LGD_RAISE_Genic_WES_F_K_B_merged.vcf.gz.raw.part_ai
++ basename -- /scratch/fuchs/agchiocchetti/chiocchetti/RAISEGenicData/VCF_Files/Merged_LGD_RAISE_Genic_WES_F_K_B_merged.vcf.gz.raw.part_aj
+ filename=Merged_LGD_RAISE_Genic_WES_F_K_B_merged.vcf.gz.raw.part_ai
+ filename=Merged_LGD_RAISE_Genic_WES_F_K_B_merged.vcf.gz.raw.part_ag
+ filename=Merged_LGD_RAISE_Genic_WES_F_K_B_merged.vcf.gz.raw.part_ac
+ extension=part_ai
+ echo part_ai
+ extension=part_ag
+ extension=part_ac
+ filename=Merged_LGD_RAISE_Genic_WES_F_K_B_merged.vcf.gz.raw.part_aj
+ filename=Merged_LGD_RAISE_Genic_WES_F_K_B_merged.vcf.gz.raw.part_ab
+ echo part_ag
+ echo part_ac
part_ai
+ extension=part_aj
+ extension=part_ab
+ echo part_ab
+ echo part_aj
+ head -n 1 /scratch/fuchs/agchiocchetti/chiocchetti/RAISEGenicData/VCF_Files/Merged_LGD_RAISE_Genic_WES_F_K_B_merged.vcf.gz.raw
part_ag
part_ac
+ head -n 1 /scratch/fuchs/agchiocchetti/chiocchetti/RAISEGenicData/VCF_Files/Merged_LGD_RAISE_Genic_WES_F_K_B_merged.vcf.gz.raw
+ head -n 1 /scratch/fuchs/agchiocchetti/chiocchetti/RAISEGenicData/VCF_Files/Merged_LGD_RAISE_Genic_WES_F_K_B_merged.vcf.gz.raw
part_aj
part_ab
+ head -n 1 /scratch/fuchs/agchiocchetti/chiocchetti/RAISEGenicData/VCF_Files/Merged_LGD_RAISE_Genic_WES_F_K_B_merged.vcf.gz.raw
+ head -n 1 /scratch/fuchs/agchiocchetti/chiocchetti/RAISEGenicData/VCF_Files/Merged_LGD_RAISE_Genic_WES_F_K_B_merged.vcf.gz.raw
+ filename=Merged_LGD_RAISE_Genic_WES_F_K_B_merged.vcf.gz.raw.part_ae
++ basename -- /scratch/fuchs/agchiocchetti/chiocchetti/RAISEGenicData/VCF_Files/Merged_LGD_RAISE_Genic_WES_F_K_B_merged.vcf.gz.raw.part_aa
+ extension=part_ae
+ filename=Merged_LGD_RAISE_Genic_WES_F_K_B_merged.vcf.gz.raw.part_af
+ echo part_ae
+ extension=part_af
+ echo part_af
part_ae
+ head -n 1 /scratch/fuchs/agchiocchetti/chiocchetti/RAISEGenicData/VCF_Files/Merged_LGD_RAISE_Genic_WES_F_K_B_merged.vcf.gz.raw
part_af
+ head -n 1 /scratch/fuchs/agchiocchetti/chiocchetti/RAISEGenicData/VCF_Files/Merged_LGD_RAISE_Genic_WES_F_K_B_merged.vcf.gz.raw
++ basename -- /scratch/fuchs/agchiocchetti/chiocchetti/RAISEGenicData/VCF_Files/Merged_LGD_RAISE_Genic_WES_F_K_B_merged.vcf.gz.raw.part_ah
+ filename=Merged_LGD_RAISE_Genic_WES_F_K_B_merged.vcf.gz.raw.part_aa
+ extension=part_aa
+ echo part_aa
++ basename -- /scratch/fuchs/agchiocchetti/chiocchetti/RAISEGenicData/VCF_Files/Merged_LGD_RAISE_Genic_WES_F_K_B_merged.vcf.gz.raw.part_ad
+ cat /scratch/fuchs/agchiocchetti/chiocchetti/RAISEGenicData/VCF_Files/Merged_LGD_RAISE_Genic_WES_F_K_B_merged.vcf.gz.raw.part_af
+ cat /scratch/fuchs/agchiocchetti/chiocchetti/RAISEGenicData/VCF_Files/Merged_LGD_RAISE_Genic_WES_F_K_B_merged.vcf.gz.raw.part_ae
+ cat /scratch/fuchs/agchiocchetti/chiocchetti/RAISEGenicData/VCF_Files/Merged_LGD_RAISE_Genic_WES_F_K_B_merged.vcf.gz.raw.part_ag
+ cat /scratch/fuchs/agchiocchetti/chiocchetti/RAISEGenicData/VCF_Files/Merged_LGD_RAISE_Genic_WES_F_K_B_merged.vcf.gz.raw.part_ac
part_aa
+ head -n 1 /scratch/fuchs/agchiocchetti/chiocchetti/RAISEGenicData/VCF_Files/Merged_LGD_RAISE_Genic_WES_F_K_B_merged.vcf.gz.raw
+ cat /scratch/fuchs/agchiocchetti/chiocchetti/RAISEGenicData/VCF_Files/Merged_LGD_RAISE_Genic_WES_F_K_B_merged.vcf.gz.raw.part_aj
+ cat /scratch/fuchs/agchiocchetti/chiocchetti/RAISEGenicData/VCF_Files/Merged_LGD_RAISE_Genic_WES_F_K_B_merged.vcf.gz.raw.part_aa
+ mv -f /scratch/fuchs/agchiocchetti/chiocchetti/RAISEGenicData/VCF_Files/Merged_LGD_RAISE_Genic_WES_F_K_B_merged.vcf.gz.raw.part_ac.tmp_file /scratch/fuchs/agchiocchetti/chiocchetti/RAISEGenicData/VCF_Files/Merged_LGD_RAISE_Genic_WES_F_K_B_merged.vcf.gz.raw.part_ac
+ mv -f /scratch/fuchs/agchiocchetti/chiocchetti/RAISEGenicData/VCF_Files/Merged_LGD_RAISE_Genic_WES_F_K_B_merged.vcf.gz.raw.part_ae.tmp_file /scratch/fuchs/agchiocchetti/chiocchetti/RAISEGenicData/VCF_Files/Merged_LGD_RAISE_Genic_WES_F_K_B_merged.vcf.gz.raw.part_ae
+ mv -f /scratch/fuchs/agchiocchetti/chiocchetti/RAISEGenicData/VCF_Files/Merged_LGD_RAISE_Genic_WES_F_K_B_merged.vcf.gz.raw.part_aj.tmp_file /scratch/fuchs/agchiocchetti/chiocchetti/RAISEGenicData/VCF_Files/Merged_LGD_RAISE_Genic_WES_F_K_B_merged.vcf.gz.raw.part_aj
+ cat /scratch/fuchs/agchiocchetti/chiocchetti/RAISEGenicData/VCF_Files/Merged_LGD_RAISE_Genic_WES_F_K_B_merged.vcf.gz.raw.part_ab
+ mv -f /scratch/fuchs/agchiocchetti/chiocchetti/RAISEGenicData/VCF_Files/Merged_LGD_RAISE_Genic_WES_F_K_B_merged.vcf.gz.raw.part_aa.tmp_file /scratch/fuchs/agchiocchetti/chiocchetti/RAISEGenicData/VCF_Files/Merged_LGD_RAISE_Genic_WES_F_K_B_merged.vcf.gz.raw.part_aa
+ mv -f /scratch/fuchs/agchiocchetti/chiocchetti/RAISEGenicData/VCF_Files/Merged_LGD_RAISE_Genic_WES_F_K_B_merged.vcf.gz.raw.part_ag.tmp_file /scratch/fuchs/agchiocchetti/chiocchetti/RAISEGenicData/VCF_Files/Merged_LGD_RAISE_Genic_WES_F_K_B_merged.vcf.gz.raw.part_ag
+ mv -f /scratch/fuchs/agchiocchetti/chiocchetti/RAISEGenicData/VCF_Files/Merged_LGD_RAISE_Genic_WES_F_K_B_merged.vcf.gz.raw.part_af.tmp_file /scratch/fuchs/agchiocchetti/chiocchetti/RAISEGenicData/VCF_Files/Merged_LGD_RAISE_Genic_WES_F_K_B_merged.vcf.gz.raw.part_af
+ cat /scratch/fuchs/agchiocchetti/chiocchetti/RAISEGenicData/VCF_Files/Merged_LGD_RAISE_Genic_WES_F_K_B_merged.vcf.gz.raw.part_ai
+ filename=Merged_LGD_RAISE_Genic_WES_F_K_B_merged.vcf.gz.raw.part_ah
+ extension=part_ah
+ echo part_ah
+ filename=Merged_LGD_RAISE_Genic_WES_F_K_B_merged.vcf.gz.raw.part_ad
part_ah
+ head -n 1 /scratch/fuchs/agchiocchetti/chiocchetti/RAISEGenicData/VCF_Files/Merged_LGD_RAISE_Genic_WES_F_K_B_merged.vcf.gz.raw
+ extension=part_ad
+ echo part_ad
+ Rscript --slave --no-save --no-restore code/06_2_Networkfeatures_only.R /scratch/fuchs/agchiocchetti/chiocchetti/RAISEGenicData/VCF_Files/Merged_LGD_RAISE_Genic_WES_F_K_B_merged.vcf.gz.raw.part_ac /scratch/fuchs/agchiocchetti/chiocchetti/RAISEGenicData/VCF_Files/Merged_LGD_RAISE_Genic_WES_F_K_B_merged.vcf.gz.bim part_ac
+ Rscript --slave --no-save --no-restore code/06_2_Networkfeatures_only.R /scratch/fuchs/agchiocchetti/chiocchetti/RAISEGenicData/VCF_Files/Merged_LGD_RAISE_Genic_WES_F_K_B_merged.vcf.gz.raw.part_ag /scratch/fuchs/agchiocchetti/chiocchetti/RAISEGenicData/VCF_Files/Merged_LGD_RAISE_Genic_WES_F_K_B_merged.vcf.gz.bim part_ag
+ Rscript --slave --no-save --no-restore code/06_2_Networkfeatures_only.R /scratch/fuchs/agchiocchetti/chiocchetti/RAISEGenicData/VCF_Files/Merged_LGD_RAISE_Genic_WES_F_K_B_merged.vcf.gz.raw.part_aa /scratch/fuchs/agchiocchetti/chiocchetti/RAISEGenicData/VCF_Files/Merged_LGD_RAISE_Genic_WES_F_K_B_merged.vcf.gz.bim part_aa
part_ad
+ head -n 1 /scratch/fuchs/agchiocchetti/chiocchetti/RAISEGenicData/VCF_Files/Merged_LGD_RAISE_Genic_WES_F_K_B_merged.vcf.gz.raw
+ mv -f /scratch/fuchs/agchiocchetti/chiocchetti/RAISEGenicData/VCF_Files/Merged_LGD_RAISE_Genic_WES_F_K_B_merged.vcf.gz.raw.part_ai.tmp_file /scratch/fuchs/agchiocchetti/chiocchetti/RAISEGenicData/VCF_Files/Merged_LGD_RAISE_Genic_WES_F_K_B_merged.vcf.gz.raw.part_ai
+ Rscript --slave --no-save --no-restore code/06_2_Networkfeatures_only.R /scratch/fuchs/agchiocchetti/chiocchetti/RAISEGenicData/VCF_Files/Merged_LGD_RAISE_Genic_WES_F_K_B_merged.vcf.gz.raw.part_aj /scratch/fuchs/agchiocchetti/chiocchetti/RAISEGenicData/VCF_Files/Merged_LGD_RAISE_Genic_WES_F_K_B_merged.vcf.gz.bim part_aj
+ mv -f /scratch/fuchs/agchiocchetti/chiocchetti/RAISEGenicData/VCF_Files/Merged_LGD_RAISE_Genic_WES_F_K_B_merged.vcf.gz.raw.part_ab.tmp_file /scratch/fuchs/agchiocchetti/chiocchetti/RAISEGenicData/VCF_Files/Merged_LGD_RAISE_Genic_WES_F_K_B_merged.vcf.gz.raw.part_ab
+ Rscript --slave --no-save --no-restore code/06_2_Networkfeatures_only.R /scratch/fuchs/agchiocchetti/chiocchetti/RAISEGenicData/VCF_Files/Merged_LGD_RAISE_Genic_WES_F_K_B_merged.vcf.gz.raw.part_af /scratch/fuchs/agchiocchetti/chiocchetti/RAISEGenicData/VCF_Files/Merged_LGD_RAISE_Genic_WES_F_K_B_merged.vcf.gz.bim part_af
+ Rscript --slave --no-save --no-restore code/06_2_Networkfeatures_only.R /scratch/fuchs/agchiocchetti/chiocchetti/RAISEGenicData/VCF_Files/Merged_LGD_RAISE_Genic_WES_F_K_B_merged.vcf.gz.raw.part_ai /scratch/fuchs/agchiocchetti/chiocchetti/RAISEGenicData/VCF_Files/Merged_LGD_RAISE_Genic_WES_F_K_B_merged.vcf.gz.bim part_ai
+ Rscript --slave --no-save --no-restore code/06_2_Networkfeatures_only.R /scratch/fuchs/agchiocchetti/chiocchetti/RAISEGenicData/VCF_Files/Merged_LGD_RAISE_Genic_WES_F_K_B_merged.vcf.gz.raw.part_ae /scratch/fuchs/agchiocchetti/chiocchetti/RAISEGenicData/VCF_Files/Merged_LGD_RAISE_Genic_WES_F_K_B_merged.vcf.gz.bim part_ae
+ Rscript --slave --no-save --no-restore code/06_2_Networkfeatures_only.R /scratch/fuchs/agchiocchetti/chiocchetti/RAISEGenicData/VCF_Files/Merged_LGD_RAISE_Genic_WES_F_K_B_merged.vcf.gz.raw.part_ab /scratch/fuchs/agchiocchetti/chiocchetti/RAISEGenicData/VCF_Files/Merged_LGD_RAISE_Genic_WES_F_K_B_merged.vcf.gz.bim part_ab
+ cat /scratch/fuchs/agchiocchetti/chiocchetti/RAISEGenicData/VCF_Files/Merged_LGD_RAISE_Genic_WES_F_K_B_merged.vcf.gz.raw.part_ad
+ cat /scratch/fuchs/agchiocchetti/chiocchetti/RAISEGenicData/VCF_Files/Merged_LGD_RAISE_Genic_WES_F_K_B_merged.vcf.gz.raw.part_ah
+ mv -f /scratch/fuchs/agchiocchetti/chiocchetti/RAISEGenicData/VCF_Files/Merged_LGD_RAISE_Genic_WES_F_K_B_merged.vcf.gz.raw.part_ad.tmp_file /scratch/fuchs/agchiocchetti/chiocchetti/RAISEGenicData/VCF_Files/Merged_LGD_RAISE_Genic_WES_F_K_B_merged.vcf.gz.raw.part_ad
+ mv -f /scratch/fuchs/agchiocchetti/chiocchetti/RAISEGenicData/VCF_Files/Merged_LGD_RAISE_Genic_WES_F_K_B_merged.vcf.gz.raw.part_ah.tmp_file /scratch/fuchs/agchiocchetti/chiocchetti/RAISEGenicData/VCF_Files/Merged_LGD_RAISE_Genic_WES_F_K_B_merged.vcf.gz.raw.part_ah
+ Rscript --slave --no-save --no-restore code/06_2_Networkfeatures_only.R /scratch/fuchs/agchiocchetti/chiocchetti/RAISEGenicData/VCF_Files/Merged_LGD_RAISE_Genic_WES_F_K_B_merged.vcf.gz.raw.part_ad /scratch/fuchs/agchiocchetti/chiocchetti/RAISEGenicData/VCF_Files/Merged_LGD_RAISE_Genic_WES_F_K_B_merged.vcf.gz.bim part_ad
+ Rscript --slave --no-save --no-restore code/06_2_Networkfeatures_only.R /scratch/fuchs/agchiocchetti/chiocchetti/RAISEGenicData/VCF_Files/Merged_LGD_RAISE_Genic_WES_F_K_B_merged.vcf.gz.raw.part_ah /scratch/fuchs/agchiocchetti/chiocchetti/RAISEGenicData/VCF_Files/Merged_LGD_RAISE_Genic_WES_F_K_B_merged.vcf.gz.bim part_ah
[1][1][1][1][1] "/scratch/fuchs/agchiocchetti/chiocchetti/RAISEGenicData/VCF_Files/Merged_LGD_RAISE_Genic_WES_F_K_B_merged.vcf.gz.raw.part_aa"[1] "/scratch/fuchs/agchiocchetti/chiocchetti/RAISEGenicData/VCF_Files/Merged_LGD_RAISE_Genic_WES_F_K_B_merged.vcf.gz.raw.part_ae"

 "/scratch/fuchs/agchiocchetti/chiocchetti/RAISEGenicData/VCF_Files/Merged_LGD_RAISE_Genic_WES_F_K_B_merged.vcf.gz.raw.part_ai"[2][2]
[2] "/scratch/fuchs/agchiocchetti/chiocchetti/RAISEGenicData/VCF_Files/Merged_LGD_RAISE_Genic_WES_F_K_B_merged.vcf.gz.bim"         "/scratch/fuchs/agchiocchetti/chiocchetti/RAISEGenicData/VCF_Files/Merged_LGD_RAISE_Genic_WES_F_K_B_merged.vcf.gz.bim"         "/scratch/fuchs/agchiocchetti/chiocchetti/RAISEGenicData/VCF_Files/Merged_LGD_RAISE_Genic_WES_F_K_B_merged.vcf.gz.raw.part_ab"

[3][3]
 "/scratch/fuchs/agchiocchetti/chiocchetti/RAISEGenicData/VCF_Files/Merged_LGD_RAISE_Genic_WES_F_K_B_merged.vcf.gz.bim"         "part_ae"                                                                                                                      "part_aa"                                                                                                                     [1]

[2]
[3] "part_ai"                                                                                                                      "/scratch/fuchs/agchiocchetti/chiocchetti/RAISEGenicData/VCF_Files/Merged_LGD_RAISE_Genic_WES_F_K_B_merged.vcf.gz.raw.part_ah"
 "/scratch/fuchs/agchiocchetti/chiocchetti/RAISEGenicData/VCF_Files/Merged_LGD_RAISE_Genic_WES_F_K_B_merged.vcf.gz.bim"        
[3]
 "part_ab"                                                                                                                     
[2] "/scratch/fuchs/agchiocchetti/chiocchetti/RAISEGenicData/VCF_Files/Merged_LGD_RAISE_Genic_WES_F_K_B_merged.vcf.gz.raw.part_ac"
[2] "/scratch/fuchs/agchiocchetti/chiocchetti/RAISEGenicData/VCF_Files/Merged_LGD_RAISE_Genic_WES_F_K_B_merged.vcf.gz.bim"        
 "/scratch/fuchs/agchiocchetti/chiocchetti/RAISEGenicData/VCF_Files/Merged_LGD_RAISE_Genic_WES_F_K_B_merged.vcf.gz.raw.part_ad"[1][3] "/scratch/fuchs/agchiocchetti/chiocchetti/RAISEGenicData/VCF_Files/Merged_LGD_RAISE_Genic_WES_F_K_B_merged.vcf.gz.bim"        
 "part_ah"                                                                                                                     
[3]
 "part_ac"                                                                                                                     
[1][2] "/scratch/fuchs/agchiocchetti/chiocchetti/RAISEGenicData/VCF_Files/Merged_LGD_RAISE_Genic_WES_F_K_B_merged.vcf.gz.raw.part_af"
[2] "/scratch/fuchs/agchiocchetti/chiocchetti/RAISEGenicData/VCF_Files/Merged_LGD_RAISE_Genic_WES_F_K_B_merged.vcf.gz.bim"        
[3] "part_ad"                                                                                                                      "/scratch/fuchs/agchiocchetti/chiocchetti/RAISEGenicData/VCF_Files/Merged_LGD_RAISE_Genic_WES_F_K_B_merged.vcf.gz.bim"        

[3] "part_af"                                                                                                                     
 "/scratch/fuchs/agchiocchetti/chiocchetti/RAISEGenicData/VCF_Files/Merged_LGD_RAISE_Genic_WES_F_K_B_merged.vcf.gz.raw.part_ag"
[2][1] "loading pacakges" "/scratch/fuchs/agchiocchetti/chiocchetti/RAISEGenicData/VCF_Files/Merged_LGD_RAISE_Genic_WES_F_K_B_merged.vcf.gz.bim"        

[3] "part_ag"                                                                                                                     [1]
[1] "loading pacakges"
 "loading pacakges"
[1] "loading pacakges"
[1][1] "loading pacakges"
 "loading pacakges"
[1][1] "loading pacakges"
 "loading pacakges"
[1] "loading pacakges"
Loading required package: M3C
Loading required package: M3C
Loading required package: M3C
Loading required package: M3C
Loading required package: M3C
Loading required package: M3C
Loading required package: M3C
Loading required package: M3C
Loading required package: M3C
[1] "/scratch/fuchs/agchiocchetti/chiocchetti/RAISEGenicData/VCF_Files/Merged_LGD_RAISE_Genic_WES_F_K_B_merged.vcf.gz.raw.part_aj"
[2] "/scratch/fuchs/agchiocchetti/chiocchetti/RAISEGenicData/VCF_Files/Merged_LGD_RAISE_Genic_WES_F_K_B_merged.vcf.gz.bim"        
[3] "part_aj"                                                                                                                     
[1] "loading pacakges"
Loading required package: M3C

Attaching package: ‘igraph’


Attaching package: ‘igraph’


Attaching package: ‘igraph’


Attaching package: ‘igraph’


Attaching package: ‘igraph’


Attaching package: ‘igraph’


Attaching package: ‘igraph’

The following objects are masked from ‘package:stats’:

    decompose, spectrum

The following objects are masked from ‘package:stats’:

    decompose, spectrum

The following objects are masked from ‘package:stats’:

    decompose, spectrum

The following objects are masked from ‘package:stats’:

    decompose, spectrum

The following objects are masked from ‘package:stats’:

    decompose, spectrum

The following object is masked from ‘package:base’:

    union

The following object is masked from ‘package:base’:

    union

The following object is masked from ‘package:base’:

    union

The following object is masked from ‘package:base’:

    union

The following object is masked from ‘package:base’:

    union

The following objects are masked from ‘package:stats’:

    decompose, spectrum

The following objects are masked from ‘package:stats’:

    decompose, spectrum

The following object is masked from ‘package:base’:

    union

The following object is masked from ‘package:base’:

    union


Attaching package: ‘igraph’

The following objects are masked from ‘package:stats’:

    decompose, spectrum

The following object is masked from ‘package:base’:

    union

Loading required package: S4Vectors
Loading required package: S4Vectors
Loading required package: S4Vectors
Loading required package: S4Vectors
Loading required package: S4Vectors
Loading required package: S4Vectors
Loading required package: S4Vectors
Loading required package: S4Vectors
Loading required package: stats4
Loading required package: stats4
Loading required package: stats4
Loading required package: stats4
Loading required package: stats4
Loading required package: stats4
Loading required package: stats4
Loading required package: stats4
Loading required package: BiocGenerics
Loading required package: BiocGenerics
Loading required package: BiocGenerics
Loading required package: BiocGenerics
Loading required package: BiocGenerics
Loading required package: BiocGenerics
Loading required package: BiocGenerics
Loading required package: BiocGenerics

Attaching package: ‘BiocGenerics’

The following objects are masked from ‘package:igraph’:

    normalize, path, union


Attaching package: ‘BiocGenerics’

The following objects are masked from ‘package:stats’:

    IQR, mad, sd, var, xtabs


Attaching package: ‘BiocGenerics’


Attaching package: ‘BiocGenerics’


Attaching package: ‘BiocGenerics’


Attaching package: ‘BiocGenerics’

The following objects are masked from ‘package:igraph’:

    normalize, path, union

The following objects are masked from ‘package:igraph’:

    normalize, path, union

The following objects are masked from ‘package:igraph’:

    normalize, path, union

The following objects are masked from ‘package:igraph’:

    normalize, path, union

The following objects are masked from ‘package:igraph’:

    normalize, path, union

The following objects are masked from ‘package:base’:

    anyDuplicated, append, as.data.frame, basename, cbind, colnames,
    dirname, do.call, duplicated, eval, evalq, Filter, Find, get, grep,
    grepl, intersect, is.unsorted, lapply, Map, mapply, match, mget,
    order, paste, pmax, pmax.int, pmin, pmin.int, Position, rank,
    rbind, Reduce, rownames, sapply, setdiff, sort, table, tapply,
    union, unique, unsplit, which.max, which.min

The following objects are masked from ‘package:stats’:

    IQR, mad, sd, var, xtabs


Attaching package: ‘BiocGenerics’

The following objects are masked from ‘package:stats’:

    IQR, mad, sd, var, xtabs

The following objects are masked from ‘package:stats’:

    IQR, mad, sd, var, xtabs

The following objects are masked from ‘package:stats’:

    IQR, mad, sd, var, xtabs

The following objects are masked from ‘package:stats’:

    IQR, mad, sd, var, xtabs

The following objects are masked from ‘package:igraph’:

    normalize, path, union

The following objects are masked from ‘package:base’:

    anyDuplicated, append, as.data.frame, basename, cbind, colnames,
    dirname, do.call, duplicated, eval, evalq, Filter, Find, get, grep,
    grepl, intersect, is.unsorted, lapply, Map, mapply, match, mget,
    order, paste, pmax, pmax.int, pmin, pmin.int, Position, rank,
    rbind, Reduce, rownames, sapply, setdiff, sort, table, tapply,
    union, unique, unsplit, which.max, which.min

The following objects are masked from ‘package:stats’:

    IQR, mad, sd, var, xtabs

The following objects are masked from ‘package:base’:

    anyDuplicated, append, as.data.frame, basename, cbind, colnames,
    dirname, do.call, duplicated, eval, evalq, Filter, Find, get, grep,
    grepl, intersect, is.unsorted, lapply, Map, mapply, match, mget,
    order, paste, pmax, pmax.int, pmin, pmin.int, Position, rank,
    rbind, Reduce, rownames, sapply, setdiff, sort, table, tapply,
    union, unique, unsplit, which.max, which.min

The following objects are masked from ‘package:base’:

    anyDuplicated, append, as.data.frame, basename, cbind, colnames,
    dirname, do.call, duplicated, eval, evalq, Filter, Find, get, grep,
    grepl, intersect, is.unsorted, lapply, Map, mapply, match, mget,
    order, paste, pmax, pmax.int, pmin, pmin.int, Position, rank,
    rbind, Reduce, rownames, sapply, setdiff, sort, table, tapply,
    union, unique, unsplit, which.max, which.min

The following objects are masked from ‘package:base’:

    anyDuplicated, append, as.data.frame, basename, cbind, colnames,
    dirname, do.call, duplicated, eval, evalq, Filter, Find, get, grep,
    grepl, intersect, is.unsorted, lapply, Map, mapply, match, mget,
    order, paste, pmax, pmax.int, pmin, pmin.int, Position, rank,
    rbind, Reduce, rownames, sapply, setdiff, sort, table, tapply,
    union, unique, unsplit, which.max, which.min

The following objects are masked from ‘package:base’:

    anyDuplicated, append, as.data.frame, basename, cbind, colnames,
    dirname, do.call, duplicated, eval, evalq, Filter, Find, get, grep,
    grepl, intersect, is.unsorted, lapply, Map, mapply, match, mget,
    order, paste, pmax, pmax.int, pmin, pmin.int, Position, rank,
    rbind, Reduce, rownames, sapply, setdiff, sort, table, tapply,
    union, unique, unsplit, which.max, which.min

The following objects are masked from ‘package:base’:

    anyDuplicated, append, as.data.frame, basename, cbind, colnames,
    dirname, do.call, duplicated, eval, evalq, Filter, Find, get, grep,
    grepl, intersect, is.unsorted, lapply, Map, mapply, match, mget,
    order, paste, pmax, pmax.int, pmin, pmin.int, Position, rank,
    rbind, Reduce, rownames, sapply, setdiff, sort, table, tapply,
    union, unique, unsplit, which.max, which.min


Attaching package: ‘BiocGenerics’

The following objects are masked from ‘package:igraph’:

    normalize, path, union

The following objects are masked from ‘package:stats’:

    IQR, mad, sd, var, xtabs

The following objects are masked from ‘package:base’:

    anyDuplicated, append, as.data.frame, basename, cbind, colnames,
    dirname, do.call, duplicated, eval, evalq, Filter, Find, get, grep,
    grepl, intersect, is.unsorted, lapply, Map, mapply, match, mget,
    order, paste, pmax, pmax.int, pmin, pmin.int, Position, rank,
    rbind, Reduce, rownames, sapply, setdiff, sort, table, tapply,
    union, unique, unsplit, which.max, which.min


Attaching package: ‘S4Vectors’

The following objects are masked from ‘package:base’:

    expand.grid, I, unname


Attaching package: ‘S4Vectors’


Attaching package: ‘S4Vectors’

The following objects are masked from ‘package:base’:

    expand.grid, I, unname

The following objects are masked from ‘package:base’:

    expand.grid, I, unname


Attaching package: ‘S4Vectors’


Attaching package: ‘S4Vectors’

The following objects are masked from ‘package:base’:

    expand.grid, I, unname

The following objects are masked from ‘package:base’:

    expand.grid, I, unname


Attaching package: ‘S4Vectors’

The following objects are masked from ‘package:base’:

    expand.grid, I, unname

Loading required package: IRanges
Loading required package: IRanges
Loading required package: IRanges
Loading required package: IRanges
Loading required package: IRanges
Loading required package: IRanges

Attaching package: ‘S4Vectors’

The following objects are masked from ‘package:base’:

    expand.grid, I, unname

Loading required package: IRanges
Loading required package: GenomicRanges
Loading required package: GenomicRanges
Loading required package: GenomeInfoDb
Loading required package: GenomeInfoDb
Loading required package: GenomicRanges
Loading required package: GenomicRanges
Loading required package: GenomicRanges
Loading required package: GenomeInfoDb
Loading required package: GenomeInfoDb
Loading required package: GenomeInfoDb
Loading required package: GenomicRanges
Loading required package: GenomeInfoDb
Loading required package: SummarizedExperiment
Loading required package: SummarizedExperiment
Loading required package: SummarizedExperiment
Loading required package: SummarizedExperiment
Loading required package: SummarizedExperiment
Loading required package: MatrixGenerics
Loading required package: MatrixGenerics
Loading required package: MatrixGenerics
Loading required package: MatrixGenerics
Loading required package: MatrixGenerics
Loading required package: matrixStats
Loading required package: matrixStats
Loading required package: matrixStats
Loading required package: matrixStats
Loading required package: matrixStats

Attaching package: ‘MatrixGenerics’


Attaching package: ‘MatrixGenerics’


Attaching package: ‘MatrixGenerics’


Attaching package: ‘MatrixGenerics’


Attaching package: ‘MatrixGenerics’

The following objects are masked from ‘package:matrixStats’:

    colAlls, colAnyNAs, colAnys, colAvgsPerRowSet, colCollapse,
    colCounts, colCummaxs, colCummins, colCumprods, colCumsums,
    colDiffs, colIQRDiffs, colIQRs, colLogSumExps, colMadDiffs,
    colMads, colMaxs, colMeans2, colMedians, colMins, colOrderStats,
    colProds, colQuantiles, colRanges, colRanks, colSdDiffs, colSds,
    colSums2, colTabulates, colVarDiffs, colVars, colWeightedMads,
    colWeightedMeans, colWeightedMedians, colWeightedSds,
    colWeightedVars, rowAlls, rowAnyNAs, rowAnys, rowAvgsPerColSet,
    rowCollapse, rowCounts, rowCummaxs, rowCummins, rowCumprods,
    rowCumsums, rowDiffs, rowIQRDiffs, rowIQRs, rowLogSumExps,
    rowMadDiffs, rowMads, rowMaxs, rowMeans2, rowMedians, rowMins,
    rowOrderStats, rowProds, rowQuantiles, rowRanges, rowRanks,
    rowSdDiffs, rowSds, rowSums2, rowTabulates, rowVarDiffs, rowVars,
    rowWeightedMads, rowWeightedMeans, rowWeightedMedians,
    rowWeightedSds, rowWeightedVars

The following objects are masked from ‘package:matrixStats’:

    colAlls, colAnyNAs, colAnys, colAvgsPerRowSet, colCollapse,
    colCounts, colCummaxs, colCummins, colCumprods, colCumsums,
    colDiffs, colIQRDiffs, colIQRs, colLogSumExps, colMadDiffs,
    colMads, colMaxs, colMeans2, colMedians, colMins, colOrderStats,
    colProds, colQuantiles, colRanges, colRanks, colSdDiffs, colSds,
    colSums2, colTabulates, colVarDiffs, colVars, colWeightedMads,
    colWeightedMeans, colWeightedMedians, colWeightedSds,
    colWeightedVars, rowAlls, rowAnyNAs, rowAnys, rowAvgsPerColSet,
    rowCollapse, rowCounts, rowCummaxs, rowCummins, rowCumprods,
    rowCumsums, rowDiffs, rowIQRDiffs, rowIQRs, rowLogSumExps,
    rowMadDiffs, rowMads, rowMaxs, rowMeans2, rowMedians, rowMins,
    rowOrderStats, rowProds, rowQuantiles, rowRanges, rowRanks,
    rowSdDiffs, rowSds, rowSums2, rowTabulates, rowVarDiffs, rowVars,
    rowWeightedMads, rowWeightedMeans, rowWeightedMedians,
    rowWeightedSds, rowWeightedVars

The following objects are masked from ‘package:matrixStats’:

    colAlls, colAnyNAs, colAnys, colAvgsPerRowSet, colCollapse,
    colCounts, colCummaxs, colCummins, colCumprods, colCumsums,
    colDiffs, colIQRDiffs, colIQRs, colLogSumExps, colMadDiffs,
    colMads, colMaxs, colMeans2, colMedians, colMins, colOrderStats,
    colProds, colQuantiles, colRanges, colRanks, colSdDiffs, colSds,
    colSums2, colTabulates, colVarDiffs, colVars, colWeightedMads,
    colWeightedMeans, colWeightedMedians, colWeightedSds,
    colWeightedVars, rowAlls, rowAnyNAs, rowAnys, rowAvgsPerColSet,
    rowCollapse, rowCounts, rowCummaxs, rowCummins, rowCumprods,
    rowCumsums, rowDiffs, rowIQRDiffs, rowIQRs, rowLogSumExps,
    rowMadDiffs, rowMads, rowMaxs, rowMeans2, rowMedians, rowMins,
    rowOrderStats, rowProds, rowQuantiles, rowRanges, rowRanks,
    rowSdDiffs, rowSds, rowSums2, rowTabulates, rowVarDiffs, rowVars,
    rowWeightedMads, rowWeightedMeans, rowWeightedMedians,
    rowWeightedSds, rowWeightedVars

The following objects are masked from ‘package:matrixStats’:

    colAlls, colAnyNAs, colAnys, colAvgsPerRowSet, colCollapse,
    colCounts, colCummaxs, colCummins, colCumprods, colCumsums,
    colDiffs, colIQRDiffs, colIQRs, colLogSumExps, colMadDiffs,
    colMads, colMaxs, colMeans2, colMedians, colMins, colOrderStats,
    colProds, colQuantiles, colRanges, colRanks, colSdDiffs, colSds,
    colSums2, colTabulates, colVarDiffs, colVars, colWeightedMads,
    colWeightedMeans, colWeightedMedians, colWeightedSds,
    colWeightedVars, rowAlls, rowAnyNAs, rowAnys, rowAvgsPerColSet,
    rowCollapse, rowCounts, rowCummaxs, rowCummins, rowCumprods,
    rowCumsums, rowDiffs, rowIQRDiffs, rowIQRs, rowLogSumExps,
    rowMadDiffs, rowMads, rowMaxs, rowMeans2, rowMedians, rowMins,
    rowOrderStats, rowProds, rowQuantiles, rowRanges, rowRanks,
    rowSdDiffs, rowSds, rowSums2, rowTabulates, rowVarDiffs, rowVars,
    rowWeightedMads, rowWeightedMeans, rowWeightedMedians,
    rowWeightedSds, rowWeightedVars

The following objects are masked from ‘package:matrixStats’:

    colAlls, colAnyNAs, colAnys, colAvgsPerRowSet, colCollapse,
    colCounts, colCummaxs, colCummins, colCumprods, colCumsums,
    colDiffs, colIQRDiffs, colIQRs, colLogSumExps, colMadDiffs,
    colMads, colMaxs, colMeans2, colMedians, colMins, colOrderStats,
    colProds, colQuantiles, colRanges, colRanks, colSdDiffs, colSds,
    colSums2, colTabulates, colVarDiffs, colVars, colWeightedMads,
    colWeightedMeans, colWeightedMedians, colWeightedSds,
    colWeightedVars, rowAlls, rowAnyNAs, rowAnys, rowAvgsPerColSet,
    rowCollapse, rowCounts, rowCummaxs, rowCummins, rowCumprods,
    rowCumsums, rowDiffs, rowIQRDiffs, rowIQRs, rowLogSumExps,
    rowMadDiffs, rowMads, rowMaxs, rowMeans2, rowMedians, rowMins,
    rowOrderStats, rowProds, rowQuantiles, rowRanges, rowRanks,
    rowSdDiffs, rowSds, rowSums2, rowTabulates, rowVarDiffs, rowVars,
    rowWeightedMads, rowWeightedMeans, rowWeightedMedians,
    rowWeightedSds, rowWeightedVars

Loading required package: Biobase
Loading required package: Biobase
Loading required package: Biobase
Loading required package: Biobase
Loading required package: Biobase
Welcome to Bioconductor

    Vignettes contain introductory material; view with
    'browseVignettes()'. To cite Bioconductor, see
    'citation("Biobase")', and for packages 'citation("pkgname")'.

Welcome to Bioconductor

    Vignettes contain introductory material; view with
    'browseVignettes()'. To cite Bioconductor, see
    'citation("Biobase")', and for packages 'citation("pkgname")'.

Welcome to Bioconductor

    Vignettes contain introductory material; view with
    'browseVignettes()'. To cite Bioconductor, see
    'citation("Biobase")', and for packages 'citation("pkgname")'.

Welcome to Bioconductor

    Vignettes contain introductory material; view with
    'browseVignettes()'. To cite Bioconductor, see
    'citation("Biobase")', and for packages 'citation("pkgname")'.

Welcome to Bioconductor

    Vignettes contain introductory material; view with
    'browseVignettes()'. To cite Bioconductor, see
    'citation("Biobase")', and for packages 'citation("pkgname")'.


Attaching package: ‘Biobase’


Attaching package: ‘Biobase’


Attaching package: ‘Biobase’


Attaching package: ‘Biobase’

The following object is masked from ‘package:MatrixGenerics’:

    rowMedians

The following object is masked from ‘package:MatrixGenerics’:

    rowMedians

The following object is masked from ‘package:MatrixGenerics’:

    rowMedians

The following object is masked from ‘package:MatrixGenerics’:

    rowMedians

The following objects are masked from ‘package:matrixStats’:

    anyMissing, rowMedians

The following objects are masked from ‘package:matrixStats’:

    anyMissing, rowMedians


Attaching package: ‘Biobase’

The following objects are masked from ‘package:matrixStats’:

    anyMissing, rowMedians

The following objects are masked from ‘package:matrixStats’:

    anyMissing, rowMedians

The following object is masked from ‘package:MatrixGenerics’:

    rowMedians

The following objects are masked from ‘package:matrixStats’:

    anyMissing, rowMedians

Loading required package: SummarizedExperiment
Loading required package: MatrixGenerics
Loading required package: matrixStats
Loading required package: GenomicRanges
Loading required package: GenomeInfoDb

Attaching package: ‘MatrixGenerics’

The following objects are masked from ‘package:matrixStats’:

    colAlls, colAnyNAs, colAnys, colAvgsPerRowSet, colCollapse,
    colCounts, colCummaxs, colCummins, colCumprods, colCumsums,
    colDiffs, colIQRDiffs, colIQRs, colLogSumExps, colMadDiffs,
    colMads, colMaxs, colMeans2, colMedians, colMins, colOrderStats,
    colProds, colQuantiles, colRanges, colRanks, colSdDiffs, colSds,
    colSums2, colTabulates, colVarDiffs, colVars, colWeightedMads,
    colWeightedMeans, colWeightedMedians, colWeightedSds,
    colWeightedVars, rowAlls, rowAnyNAs, rowAnys, rowAvgsPerColSet,
    rowCollapse, rowCounts, rowCummaxs, rowCummins, rowCumprods,
    rowCumsums, rowDiffs, rowIQRDiffs, rowIQRs, rowLogSumExps,
    rowMadDiffs, rowMads, rowMaxs, rowMeans2, rowMedians, rowMins,
    rowOrderStats, rowProds, rowQuantiles, rowRanges, rowRanks,
    rowSdDiffs, rowSds, rowSums2, rowTabulates, rowVarDiffs, rowVars,
    rowWeightedMads, rowWeightedMeans, rowWeightedMedians,
    rowWeightedSds, rowWeightedVars

Loading required package: Biobase
Welcome to Bioconductor

    Vignettes contain introductory material; view with
    'browseVignettes()'. To cite Bioconductor, see
    'citation("Biobase")', and for packages 'citation("pkgname")'.


Attaching package: ‘Biobase’

The following object is masked from ‘package:MatrixGenerics’:

    rowMedians

The following objects are masked from ‘package:matrixStats’:

    anyMissing, rowMedians

Loading required package: SummarizedExperiment
Loading required package: MatrixGenerics
Loading required package: matrixStats

Attaching package: ‘MatrixGenerics’

The following objects are masked from ‘package:matrixStats’:

    colAlls, colAnyNAs, colAnys, colAvgsPerRowSet, colCollapse,
    colCounts, colCummaxs, colCummins, colCumprods, colCumsums,
    colDiffs, colIQRDiffs, colIQRs, colLogSumExps, colMadDiffs,
    colMads, colMaxs, colMeans2, colMedians, colMins, colOrderStats,
    colProds, colQuantiles, colRanges, colRanks, colSdDiffs, colSds,
    colSums2, colTabulates, colVarDiffs, colVars, colWeightedMads,
    colWeightedMeans, colWeightedMedians, colWeightedSds,
    colWeightedVars, rowAlls, rowAnyNAs, rowAnys, rowAvgsPerColSet,
    rowCollapse, rowCounts, rowCummaxs, rowCummins, rowCumprods,
    rowCumsums, rowDiffs, rowIQRDiffs, rowIQRs, rowLogSumExps,
    rowMadDiffs, rowMads, rowMaxs, rowMeans2, rowMedians, rowMins,
    rowOrderStats, rowProds, rowQuantiles, rowRanges, rowRanks,
    rowSdDiffs, rowSds, rowSums2, rowTabulates, rowVarDiffs, rowVars,
    rowWeightedMads, rowWeightedMeans, rowWeightedMedians,
    rowWeightedSds, rowWeightedVars

Loading required package: Biobase
Welcome to Bioconductor

    Vignettes contain introductory material; view with
    'browseVignettes()'. To cite Bioconductor, see
    'citation("Biobase")', and for packages 'citation("pkgname")'.


Attaching package: ‘Biobase’

The following object is masked from ‘package:MatrixGenerics’:

    rowMedians

The following objects are masked from ‘package:matrixStats’:

    anyMissing, rowMedians


Attaching package: ‘S4Vectors’

The following objects are masked from ‘package:base’:

    expand.grid, I, unname

Loading required package: IRanges
Loading required package: iterators
Loading required package: iterators
Loading required package: iterators
Loading required package: iterators
Loading required package: parallel
Loading required package: parallel
Loading required package: parallel
Loading required package: parallel
Loading required package: iterators
Loading required package: parallel
Loading required package: GenomicRanges
Loading required package: GenomeInfoDb
Loading required package: iterators
Loading required package: parallel
Loading required package: iterators
Loading required package: parallel
── Attaching packages ─────────────────────────────────────── tidyverse 1.3.1 ──
── Attaching packages ─────────────────────────────────────── tidyverse 1.3.1 ──
── Attaching packages ─────────────────────────────────────── tidyverse 1.3.1 ──
── Attaching packages ─────────────────────────────────────── tidyverse 1.3.1 ──
── Attaching packages ─────────────────────────────────────── tidyverse 1.3.1 ──
── Attaching packages ─────────────────────────────────────── tidyverse 1.3.1 ──
✔ ggplot2 3.3.5     ✔ purrr   0.3.4
✔ tibble  3.1.6     ✔ dplyr   1.0.7
✔ tidyr   1.2.0     ✔ stringr 1.4.0
✔ readr   2.1.2     ✔ forcats 0.5.1
✔ ggplot2 3.3.5     ✔ purrr   0.3.4
✔ tibble  3.1.6     ✔ dplyr   1.0.7
✔ tidyr   1.2.0     ✔ stringr 1.4.0
✔ readr   2.1.2     ✔ forcats 0.5.1
✔ ggplot2 3.3.5     ✔ purrr   0.3.4
✔ tibble  3.1.6     ✔ dplyr   1.0.7
✔ tidyr   1.2.0     ✔ stringr 1.4.0
✔ readr   2.1.2     ✔ forcats 0.5.1
✔ ggplot2 3.3.5     ✔ purrr   0.3.4
✔ tibble  3.1.6     ✔ dplyr   1.0.7
✔ tidyr   1.2.0     ✔ stringr 1.4.0
✔ readr   2.1.2     ✔ forcats 0.5.1
✔ ggplot2 3.3.5     ✔ purrr   0.3.4
✔ tibble  3.1.6     ✔ dplyr   1.0.7
✔ tidyr   1.2.0     ✔ stringr 1.4.0
✔ readr   2.1.2     ✔ forcats 0.5.1
✔ ggplot2 3.3.5     ✔ purrr   0.3.4
✔ tibble  3.1.6     ✔ dplyr   1.0.7
✔ tidyr   1.2.0     ✔ stringr 1.4.0
✔ readr   2.1.2     ✔ forcats 0.5.1
── Attaching packages ─────────────────────────────────────── tidyverse 1.3.1 ──
✔ ggplot2 3.3.5     ✔ purrr   0.3.4
✔ tibble  3.1.6     ✔ dplyr   1.0.7
✔ tidyr   1.2.0     ✔ stringr 1.4.0
✔ readr   2.1.2     ✔ forcats 0.5.1
── Conflicts ────────────────────────────────────────── tidyverse_conflicts() ──
✖ purrr::accumulate()    masks foreach::accumulate()
✖ dplyr::as_data_frame() masks tibble::as_data_frame(), igraph::as_data_frame()
✖ dplyr::collapse()      masks IRanges::collapse()
✖ dplyr::combine()       masks Biobase::combine(), BiocGenerics::combine()
✖ tidyr::complete()      masks RCurl::complete()
✖ purrr::compose()       masks igraph::compose()
✖ dplyr::count()         masks matrixStats::count()
✖ tidyr::crossing()      masks igraph::crossing()
✖ dplyr::desc()          masks IRanges::desc()
✖ tidyr::expand()        masks S4Vectors::expand()
✖ dplyr::filter()        masks stats::filter()
✖ dplyr::first()         masks S4Vectors::first()
✖ dplyr::groups()        masks igraph::groups()
✖ dplyr::lag()           masks stats::lag()
✖ ggplot2::Position()    masks BiocGenerics::Position(), base::Position()
✖ purrr::reduce()        masks GenomicRanges::reduce(), IRanges::reduce()
✖ dplyr::rename()        masks S4Vectors::rename()
✖ purrr::simplify()      masks igraph::simplify()
✖ dplyr::slice()         masks IRanges::slice()
✖ purrr::when()          masks foreach::when()
── Conflicts ────────────────────────────────────────── tidyverse_conflicts() ──
✖ purrr::accumulate()    masks foreach::accumulate()
✖ dplyr::as_data_frame() masks tibble::as_data_frame(), igraph::as_data_frame()
✖ dplyr::collapse()      masks IRanges::collapse()
✖ dplyr::combine()       masks Biobase::combine(), BiocGenerics::combine()
✖ tidyr::complete()      masks RCurl::complete()
✖ purrr::compose()       masks igraph::compose()
✖ dplyr::count()         masks matrixStats::count()
✖ tidyr::crossing()      masks igraph::crossing()
✖ dplyr::desc()          masks IRanges::desc()
✖ tidyr::expand()        masks S4Vectors::expand()
✖ dplyr::filter()        masks stats::filter()
✖ dplyr::first()         masks S4Vectors::first()
✖ dplyr::groups()        masks igraph::groups()
✖ dplyr::lag()           masks stats::lag()
✖ ggplot2::Position()    masks BiocGenerics::Position(), base::Position()
✖ purrr::reduce()        masks GenomicRanges::reduce(), IRanges::reduce()
✖ dplyr::rename()        masks S4Vectors::rename()
✖ purrr::simplify()      masks igraph::simplify()
✖ dplyr::slice()         masks IRanges::slice()
✖ purrr::when()          masks foreach::when()
── Conflicts ────────────────────────────────────────── tidyverse_conflicts() ──
✖ purrr::accumulate()    masks foreach::accumulate()
✖ dplyr::as_data_frame() masks tibble::as_data_frame(), igraph::as_data_frame()
✖ dplyr::collapse()      masks IRanges::collapse()
✖ dplyr::combine()       masks Biobase::combine(), BiocGenerics::combine()
✖ tidyr::complete()      masks RCurl::complete()
✖ purrr::compose()       masks igraph::compose()
✖ dplyr::count()         masks matrixStats::count()
✖ tidyr::crossing()      masks igraph::crossing()
✖ dplyr::desc()          masks IRanges::desc()
✖ tidyr::expand()        masks S4Vectors::expand()
✖ dplyr::filter()        masks stats::filter()
✖ dplyr::first()         masks S4Vectors::first()
✖ dplyr::groups()        masks igraph::groups()
✖ dplyr::lag()           masks stats::lag()
✖ ggplot2::Position()    masks BiocGenerics::Position(), base::Position()
✖ purrr::reduce()        masks GenomicRanges::reduce(), IRanges::reduce()
✖ dplyr::rename()        masks S4Vectors::rename()
✖ purrr::simplify()      masks igraph::simplify()
✖ dplyr::slice()         masks IRanges::slice()
✖ purrr::when()          masks foreach::when()
── Conflicts ────────────────────────────────────────── tidyverse_conflicts() ──
✖ purrr::accumulate()    masks foreach::accumulate()
✖ dplyr::as_data_frame() masks tibble::as_data_frame(), igraph::as_data_frame()
✖ dplyr::collapse()      masks IRanges::collapse()
✖ dplyr::combine()       masks Biobase::combine(), BiocGenerics::combine()
✖ tidyr::complete()      masks RCurl::complete()
✖ purrr::compose()       masks igraph::compose()
✖ dplyr::count()         masks matrixStats::count()
✖ tidyr::crossing()      masks igraph::crossing()
✖ dplyr::desc()          masks IRanges::desc()
✖ tidyr::expand()        masks S4Vectors::expand()
✖ dplyr::filter()        masks stats::filter()
✖ dplyr::first()         masks S4Vectors::first()
✖ dplyr::groups()        masks igraph::groups()
✖ dplyr::lag()           masks stats::lag()
✖ ggplot2::Position()    masks BiocGenerics::Position(), base::Position()
✖ purrr::reduce()        masks GenomicRanges::reduce(), IRanges::reduce()
✖ dplyr::rename()        masks S4Vectors::rename()
✖ purrr::simplify()      masks igraph::simplify()
✖ dplyr::slice()         masks IRanges::slice()
✖ purrr::when()          masks foreach::when()
── Conflicts ────────────────────────────────────────── tidyverse_conflicts() ──
✖ purrr::accumulate()    masks foreach::accumulate()
✖ dplyr::as_data_frame() masks tibble::as_data_frame(), igraph::as_data_frame()
✖ dplyr::collapse()      masks IRanges::collapse()
✖ dplyr::combine()       masks Biobase::combine(), BiocGenerics::combine()
✖ tidyr::complete()      masks RCurl::complete()
✖ purrr::compose()       masks igraph::compose()
✖ dplyr::count()         masks matrixStats::count()
✖ tidyr::crossing()      masks igraph::crossing()
✖ dplyr::desc()          masks IRanges::desc()
✖ tidyr::expand()        masks S4Vectors::expand()
✖ dplyr::filter()        masks stats::filter()
✖ dplyr::first()         masks S4Vectors::first()
✖ dplyr::groups()        masks igraph::groups()
✖ dplyr::lag()           masks stats::lag()
✖ ggplot2::Position()    masks BiocGenerics::Position(), base::Position()
✖ purrr::reduce()        masks GenomicRanges::reduce(), IRanges::reduce()
✖ dplyr::rename()        masks S4Vectors::rename()
✖ purrr::simplify()      masks igraph::simplify()
✖ dplyr::slice()         masks IRanges::slice()
✖ purrr::when()          masks foreach::when()
── Conflicts ────────────────────────────────────────── tidyverse_conflicts() ──
✖ purrr::accumulate()    masks foreach::accumulate()
✖ dplyr::as_data_frame() masks tibble::as_data_frame(), igraph::as_data_frame()
✖ dplyr::collapse()      masks IRanges::collapse()
✖ dplyr::combine()       masks Biobase::combine(), BiocGenerics::combine()
✖ tidyr::complete()      masks RCurl::complete()
✖ purrr::compose()       masks igraph::compose()
✖ dplyr::count()         masks matrixStats::count()
✖ tidyr::crossing()      masks igraph::crossing()
✖ dplyr::desc()          masks IRanges::desc()
✖ tidyr::expand()        masks S4Vectors::expand()
✖ dplyr::filter()        masks stats::filter()
✖ dplyr::first()         masks S4Vectors::first()
✖ dplyr::groups()        masks igraph::groups()
✖ dplyr::lag()           masks stats::lag()
✖ ggplot2::Position()    masks BiocGenerics::Position(), base::Position()
✖ purrr::reduce()        masks GenomicRanges::reduce(), IRanges::reduce()
✖ dplyr::rename()        masks S4Vectors::rename()
✖ purrr::simplify()      masks igraph::simplify()
✖ dplyr::slice()         masks IRanges::slice()
✖ purrr::when()          masks foreach::when()

Attaching package: ‘data.table’


Attaching package: ‘data.table’

The following objects are masked from ‘package:dplyr’:

    between, first, last

The following objects are masked from ‘package:dplyr’:

    between, first, last


Attaching package: ‘data.table’


Attaching package: ‘data.table’

The following object is masked from ‘package:purrr’:

    transpose

The following object is masked from ‘package:purrr’:

    transpose

The following objects are masked from ‘package:dplyr’:

    between, first, last

The following object is masked from ‘package:SummarizedExperiment’:

    shift

The following object is masked from ‘package:SummarizedExperiment’:

    shift

The following objects are masked from ‘package:dplyr’:

    between, first, last

The following object is masked from ‘package:purrr’:

    transpose

The following object is masked from ‘package:GenomicRanges’:

    shift

The following object is masked from ‘package:GenomicRanges’:

    shift

The following object is masked from ‘package:purrr’:

    transpose

The following object is masked from ‘package:SummarizedExperiment’:

    shift

The following object is masked from ‘package:IRanges’:

    shift

The following object is masked from ‘package:IRanges’:

    shift

The following object is masked from ‘package:GenomicRanges’:

    shift


Attaching package: ‘data.table’

The following object is masked from ‘package:SummarizedExperiment’:

    shift

The following objects are masked from ‘package:S4Vectors’:

    first, second

The following objects are masked from ‘package:S4Vectors’:

    first, second

The following object is masked from ‘package:IRanges’:

    shift

The following object is masked from ‘package:GenomicRanges’:

    shift

The following objects are masked from ‘package:dplyr’:

    between, first, last

The following object is masked from ‘package:IRanges’:

    shift

The following objects are masked from ‘package:S4Vectors’:

    first, second

The following object is masked from ‘package:purrr’:

    transpose

The following objects are masked from ‘package:S4Vectors’:

    first, second

The following object is masked from ‘package:SummarizedExperiment’:

    shift

The following object is masked from ‘package:GenomicRanges’:

    shift

The following object is masked from ‘package:IRanges’:

    shift

The following objects are masked from ‘package:S4Vectors’:

    first, second


Attaching package: ‘data.table’

The following objects are masked from ‘package:dplyr’:

    between, first, last

The following object is masked from ‘package:purrr’:

    transpose

The following object is masked from ‘package:SummarizedExperiment’:

    shift

The following object is masked from ‘package:GenomicRanges’:

    shift

The following object is masked from ‘package:IRanges’:

    shift

The following objects are masked from ‘package:S4Vectors’:

    first, second

Error in library(xgboost) : there is no package called ‘xgboost’
Error in library(xgboost) : there is no package called ‘xgboost’
Error in library(xgboost) : there is no package called ‘xgboost’
Error in library(xgboost) : there is no package called ‘xgboost’
Execution halted
Execution halted
Execution halted
Execution halted
Error in library(xgboost) : there is no package called ‘xgboost’
Execution halted
Error in library(xgboost) : there is no package called ‘xgboost’
Execution halted
── Conflicts ────────────────────────────────────────── tidyverse_conflicts() ──
✖ purrr::accumulate()    masks foreach::accumulate()
✖ dplyr::as_data_frame() masks tibble::as_data_frame(), igraph::as_data_frame()
✖ dplyr::collapse()      masks IRanges::collapse()
✖ dplyr::combine()       masks Biobase::combine(), BiocGenerics::combine()
✖ tidyr::complete()      masks RCurl::complete()
✖ purrr::compose()       masks igraph::compose()
✖ dplyr::count()         masks matrixStats::count()
✖ tidyr::crossing()      masks igraph::crossing()
✖ dplyr::desc()          masks IRanges::desc()
✖ tidyr::expand()        masks S4Vectors::expand()
✖ dplyr::filter()        masks stats::filter()
✖ dplyr::first()         masks S4Vectors::first()
✖ dplyr::groups()        masks igraph::groups()
✖ dplyr::lag()           masks stats::lag()
✖ ggplot2::Position()    masks BiocGenerics::Position(), base::Position()
✖ purrr::reduce()        masks GenomicRanges::reduce(), IRanges::reduce()
✖ dplyr::rename()        masks S4Vectors::rename()
✖ purrr::simplify()      masks igraph::simplify()
✖ dplyr::slice()         masks IRanges::slice()
✖ purrr::when()          masks foreach::when()

Attaching package: ‘data.table’

The following objects are masked from ‘package:dplyr’:

    between, first, last

The following object is masked from ‘package:purrr’:

    transpose

The following object is masked from ‘package:SummarizedExperiment’:

    shift

The following object is masked from ‘package:GenomicRanges’:

    shift

The following object is masked from ‘package:IRanges’:

    shift

The following objects are masked from ‘package:S4Vectors’:

    first, second

Error in library(xgboost) : there is no package called ‘xgboost’
Execution halted
Loading required package: SummarizedExperiment
Loading required package: MatrixGenerics
Loading required package: matrixStats

Attaching package: ‘MatrixGenerics’

The following objects are masked from ‘package:matrixStats’:

    colAlls, colAnyNAs, colAnys, colAvgsPerRowSet, colCollapse,
    colCounts, colCummaxs, colCummins, colCumprods, colCumsums,
    colDiffs, colIQRDiffs, colIQRs, colLogSumExps, colMadDiffs,
    colMads, colMaxs, colMeans2, colMedians, colMins, colOrderStats,
    colProds, colQuantiles, colRanges, colRanks, colSdDiffs, colSds,
    colSums2, colTabulates, colVarDiffs, colVars, colWeightedMads,
    colWeightedMeans, colWeightedMedians, colWeightedSds,
    colWeightedVars, rowAlls, rowAnyNAs, rowAnys, rowAvgsPerColSet,
    rowCollapse, rowCounts, rowCummaxs, rowCummins, rowCumprods,
    rowCumsums, rowDiffs, rowIQRDiffs, rowIQRs, rowLogSumExps,
    rowMadDiffs, rowMads, rowMaxs, rowMeans2, rowMedians, rowMins,
    rowOrderStats, rowProds, rowQuantiles, rowRanges, rowRanks,
    rowSdDiffs, rowSds, rowSums2, rowTabulates, rowVarDiffs, rowVars,
    rowWeightedMads, rowWeightedMeans, rowWeightedMedians,
    rowWeightedSds, rowWeightedVars

Loading required package: Biobase
Welcome to Bioconductor

    Vignettes contain introductory material; view with
    'browseVignettes()'. To cite Bioconductor, see
    'citation("Biobase")', and for packages 'citation("pkgname")'.


Attaching package: ‘Biobase’

The following object is masked from ‘package:MatrixGenerics’:

    rowMedians

The following objects are masked from ‘package:matrixStats’:

    anyMissing, rowMedians


Attaching package: ‘igraph’

The following objects are masked from ‘package:stats’:

    decompose, spectrum

The following object is masked from ‘package:base’:

    union

Loading required package: S4Vectors
Loading required package: stats4
Loading required package: BiocGenerics

Attaching package: ‘BiocGenerics’

The following objects are masked from ‘package:igraph’:

    normalize, path, union

The following objects are masked from ‘package:stats’:

    IQR, mad, sd, var, xtabs

The following objects are masked from ‘package:base’:

    anyDuplicated, append, as.data.frame, basename, cbind, colnames,
    dirname, do.call, duplicated, eval, evalq, Filter, Find, get, grep,
    grepl, intersect, is.unsorted, lapply, Map, mapply, match, mget,
    order, paste, pmax, pmax.int, pmin, pmin.int, Position, rank,
    rbind, Reduce, rownames, sapply, setdiff, sort, table, tapply,
    union, unique, unsplit, which.max, which.min


Attaching package: ‘S4Vectors’

The following objects are masked from ‘package:base’:

    expand.grid, I, unname

Loading required package: IRanges
Loading required package: iterators
Loading required package: parallel
Loading required package: GenomicRanges
Loading required package: GenomeInfoDb
── Attaching packages ─────────────────────────────────────── tidyverse 1.3.1 ──
✔ ggplot2 3.3.5     ✔ purrr   0.3.4
✔ tibble  3.1.6     ✔ dplyr   1.0.7
✔ tidyr   1.2.0     ✔ stringr 1.4.0
✔ readr   2.1.2     ✔ forcats 0.5.1
── Conflicts ────────────────────────────────────────── tidyverse_conflicts() ──
✖ purrr::accumulate()    masks foreach::accumulate()
✖ dplyr::as_data_frame() masks tibble::as_data_frame(), igraph::as_data_frame()
✖ dplyr::collapse()      masks IRanges::collapse()
✖ dplyr::combine()       masks Biobase::combine(), BiocGenerics::combine()
✖ tidyr::complete()      masks RCurl::complete()
✖ purrr::compose()       masks igraph::compose()
✖ dplyr::count()         masks matrixStats::count()
✖ tidyr::crossing()      masks igraph::crossing()
✖ dplyr::desc()          masks IRanges::desc()
✖ tidyr::expand()        masks S4Vectors::expand()
✖ dplyr::filter()        masks stats::filter()
✖ dplyr::first()         masks S4Vectors::first()
✖ dplyr::groups()        masks igraph::groups()
✖ dplyr::lag()           masks stats::lag()
✖ ggplot2::Position()    masks BiocGenerics::Position(), base::Position()
✖ purrr::reduce()        masks GenomicRanges::reduce(), IRanges::reduce()
✖ dplyr::rename()        masks S4Vectors::rename()
✖ purrr::simplify()      masks igraph::simplify()
✖ dplyr::slice()         masks IRanges::slice()
✖ purrr::when()          masks foreach::when()
Loading required package: SummarizedExperiment
Loading required package: MatrixGenerics
Loading required package: matrixStats

Attaching package: ‘data.table’

The following objects are masked from ‘package:dplyr’:

    between, first, last

The following object is masked from ‘package:purrr’:

    transpose

The following object is masked from ‘package:SummarizedExperiment’:

    shift

The following object is masked from ‘package:GenomicRanges’:

    shift

The following object is masked from ‘package:IRanges’:

    shift

The following objects are masked from ‘package:S4Vectors’:

    first, second

Error in library(xgboost) : there is no package called ‘xgboost’
Execution halted

Attaching package: ‘MatrixGenerics’

The following objects are masked from ‘package:matrixStats’:

    colAlls, colAnyNAs, colAnys, colAvgsPerRowSet, colCollapse,
    colCounts, colCummaxs, colCummins, colCumprods, colCumsums,
    colDiffs, colIQRDiffs, colIQRs, colLogSumExps, colMadDiffs,
    colMads, colMaxs, colMeans2, colMedians, colMins, colOrderStats,
    colProds, colQuantiles, colRanges, colRanks, colSdDiffs, colSds,
    colSums2, colTabulates, colVarDiffs, colVars, colWeightedMads,
    colWeightedMeans, colWeightedMedians, colWeightedSds,
    colWeightedVars, rowAlls, rowAnyNAs, rowAnys, rowAvgsPerColSet,
    rowCollapse, rowCounts, rowCummaxs, rowCummins, rowCumprods,
    rowCumsums, rowDiffs, rowIQRDiffs, rowIQRs, rowLogSumExps,
    rowMadDiffs, rowMads, rowMaxs, rowMeans2, rowMedians, rowMins,
    rowOrderStats, rowProds, rowQuantiles, rowRanges, rowRanks,
    rowSdDiffs, rowSds, rowSums2, rowTabulates, rowVarDiffs, rowVars,
    rowWeightedMads, rowWeightedMeans, rowWeightedMedians,
    rowWeightedSds, rowWeightedVars

Loading required package: Biobase
Welcome to Bioconductor

    Vignettes contain introductory material; view with
    'browseVignettes()'. To cite Bioconductor, see
    'citation("Biobase")', and for packages 'citation("pkgname")'.


Attaching package: ‘Biobase’

The following object is masked from ‘package:MatrixGenerics’:

    rowMedians

The following objects are masked from ‘package:matrixStats’:

    anyMissing, rowMedians

Loading required package: iterators
Loading required package: parallel
── Attaching packages ─────────────────────────────────────── tidyverse 1.3.1 ──
✔ ggplot2 3.3.5     ✔ purrr   0.3.4
✔ tibble  3.1.6     ✔ dplyr   1.0.7
✔ tidyr   1.2.0     ✔ stringr 1.4.0
✔ readr   2.1.2     ✔ forcats 0.5.1
── Conflicts ────────────────────────────────────────── tidyverse_conflicts() ──
✖ purrr::accumulate()    masks foreach::accumulate()
✖ dplyr::as_data_frame() masks tibble::as_data_frame(), igraph::as_data_frame()
✖ dplyr::collapse()      masks IRanges::collapse()
✖ dplyr::combine()       masks Biobase::combine(), BiocGenerics::combine()
✖ tidyr::complete()      masks RCurl::complete()
✖ purrr::compose()       masks igraph::compose()
✖ dplyr::count()         masks matrixStats::count()
✖ tidyr::crossing()      masks igraph::crossing()
✖ dplyr::desc()          masks IRanges::desc()
✖ tidyr::expand()        masks S4Vectors::expand()
✖ dplyr::filter()        masks stats::filter()
✖ dplyr::first()         masks S4Vectors::first()
✖ dplyr::groups()        masks igraph::groups()
✖ dplyr::lag()           masks stats::lag()
✖ ggplot2::Position()    masks BiocGenerics::Position(), base::Position()
✖ purrr::reduce()        masks GenomicRanges::reduce(), IRanges::reduce()
✖ dplyr::rename()        masks S4Vectors::rename()
✖ purrr::simplify()      masks igraph::simplify()
✖ dplyr::slice()         masks IRanges::slice()
✖ purrr::when()          masks foreach::when()

Attaching package: ‘data.table’

The following objects are masked from ‘package:dplyr’:

    between, first, last

The following object is masked from ‘package:purrr’:

    transpose

The following object is masked from ‘package:SummarizedExperiment’:

    shift

The following object is masked from ‘package:GenomicRanges’:

    shift

The following object is masked from ‘package:IRanges’:

    shift

The following objects are masked from ‘package:S4Vectors’:

    first, second

Error in library(xgboost) : there is no package called ‘xgboost’
Execution halted

Attaching package: ‘igraph’

The following objects are masked from ‘package:stats’:

    decompose, spectrum

The following object is masked from ‘package:base’:

    union

Loading required package: S4Vectors
Loading required package: stats4
Loading required package: BiocGenerics

Attaching package: ‘BiocGenerics’

The following objects are masked from ‘package:igraph’:

    normalize, path, union

The following objects are masked from ‘package:stats’:

    IQR, mad, sd, var, xtabs

The following objects are masked from ‘package:base’:

    anyDuplicated, append, as.data.frame, basename, cbind, colnames,
    dirname, do.call, duplicated, eval, evalq, Filter, Find, get, grep,
    grepl, intersect, is.unsorted, lapply, Map, mapply, match, mget,
    order, paste, pmax, pmax.int, pmin, pmin.int, Position, rank,
    rbind, Reduce, rownames, sapply, setdiff, sort, table, tapply,
    union, unique, unsplit, which.max, which.min


Attaching package: ‘S4Vectors’

The following objects are masked from ‘package:base’:

    expand.grid, I, unname

Loading required package: IRanges
Loading required package: GenomicRanges
Loading required package: GenomeInfoDb
Loading required package: SummarizedExperiment
Loading required package: MatrixGenerics
Loading required package: matrixStats

Attaching package: ‘MatrixGenerics’

The following objects are masked from ‘package:matrixStats’:

    colAlls, colAnyNAs, colAnys, colAvgsPerRowSet, colCollapse,
    colCounts, colCummaxs, colCummins, colCumprods, colCumsums,
    colDiffs, colIQRDiffs, colIQRs, colLogSumExps, colMadDiffs,
    colMads, colMaxs, colMeans2, colMedians, colMins, colOrderStats,
    colProds, colQuantiles, colRanges, colRanks, colSdDiffs, colSds,
    colSums2, colTabulates, colVarDiffs, colVars, colWeightedMads,
    colWeightedMeans, colWeightedMedians, colWeightedSds,
    colWeightedVars, rowAlls, rowAnyNAs, rowAnys, rowAvgsPerColSet,
    rowCollapse, rowCounts, rowCummaxs, rowCummins, rowCumprods,
    rowCumsums, rowDiffs, rowIQRDiffs, rowIQRs, rowLogSumExps,
    rowMadDiffs, rowMads, rowMaxs, rowMeans2, rowMedians, rowMins,
    rowOrderStats, rowProds, rowQuantiles, rowRanges, rowRanks,
    rowSdDiffs, rowSds, rowSums2, rowTabulates, rowVarDiffs, rowVars,
    rowWeightedMads, rowWeightedMeans, rowWeightedMedians,
    rowWeightedSds, rowWeightedVars

Loading required package: Biobase
Welcome to Bioconductor

    Vignettes contain introductory material; view with
    'browseVignettes()'. To cite Bioconductor, see
    'citation("Biobase")', and for packages 'citation("pkgname")'.


Attaching package: ‘Biobase’

The following object is masked from ‘package:MatrixGenerics’:

    rowMedians

The following objects are masked from ‘package:matrixStats’:

    anyMissing, rowMedians

Loading required package: iterators
Loading required package: parallel
── Attaching packages ─────────────────────────────────────── tidyverse 1.3.1 ──
✔ ggplot2 3.3.5     ✔ purrr   0.3.4
✔ tibble  3.1.6     ✔ dplyr   1.0.7
✔ tidyr   1.2.0     ✔ stringr 1.4.0
✔ readr   2.1.2     ✔ forcats 0.5.1
── Conflicts ────────────────────────────────────────── tidyverse_conflicts() ──
✖ purrr::accumulate()    masks foreach::accumulate()
✖ dplyr::as_data_frame() masks tibble::as_data_frame(), igraph::as_data_frame()
✖ dplyr::collapse()      masks IRanges::collapse()
✖ dplyr::combine()       masks Biobase::combine(), BiocGenerics::combine()
✖ tidyr::complete()      masks RCurl::complete()
✖ purrr::compose()       masks igraph::compose()
✖ dplyr::count()         masks matrixStats::count()
✖ tidyr::crossing()      masks igraph::crossing()
✖ dplyr::desc()          masks IRanges::desc()
✖ tidyr::expand()        masks S4Vectors::expand()
✖ dplyr::filter()        masks stats::filter()
✖ dplyr::first()         masks S4Vectors::first()
✖ dplyr::groups()        masks igraph::groups()
✖ dplyr::lag()           masks stats::lag()
✖ ggplot2::Position()    masks BiocGenerics::Position(), base::Position()
✖ purrr::reduce()        masks GenomicRanges::reduce(), IRanges::reduce()
✖ dplyr::rename()        masks S4Vectors::rename()
✖ purrr::simplify()      masks igraph::simplify()
✖ dplyr::slice()         masks IRanges::slice()
✖ purrr::when()          masks foreach::when()

Attaching package: ‘data.table’

The following objects are masked from ‘package:dplyr’:

    between, first, last

The following object is masked from ‘package:purrr’:

    transpose

The following object is masked from ‘package:SummarizedExperiment’:

    shift

The following object is masked from ‘package:GenomicRanges’:

    shift

The following object is masked from ‘package:IRanges’:

    shift

The following objects are masked from ‘package:S4Vectors’:

    first, second

Error in library(xgboost) : there is no package called ‘xgboost’
Execution halted
