the length of filename is 105
/scratch/fuchs/agmisc/chiocchetti/RAISEGenicData/VCF_Files/RAISE_Genic_WES_Frankfurt_Kuopio_merged.vcf.gz is used
modus is test: subset is used
using existing testset file; if you want to use an otherone delete or rename testset.vcf.gz in /scratch/fuchs/agmisc/chiocchetti/RAISEGenicData/VCF_Files
run normalization step1
Lines   total/split/realigned/skipped:	2348068/177758/0/0
run normalization step2
Lines   total/split/realigned/skipped:	2678527/0/204537/0
run annotation

NOTICE: Running with system command <convert2annovar.pl  -includeinfo -allsample -withfreq -format vcf4 02_merged.vcf.gz > Annotated.avinput>
NOTICE: Finished reading 2681982 lines from VCF file
NOTICE: A total of 2678527 locus in VCF file passed QC threshold, representing 2071643 SNPs (1361103 transitions and 710540 transversions) and 527406 indels/substitutions
NOTICE: Finished writing allele frequencies based on 370824097 SNP genotypes (243637437 transitions and 127186660 transversions) and 94405674 indels/substitutions for 179 samples
WARNING: 79478 invalid alternative alleles found in input file

NOTICE: Running with system command </scratch/fuchs/agmisc/chiocchetti/annovar/table_annovar.pl Annotated.avinput /scratch/fuchs/agmisc/chiocchetti/annovar/humandb/ -buildver hg38 -outfile Annotated -remove -protocol refGene -operation g -nastring . -polish -thread 20 -otherinfo>
-----------------------------------------------------------------
NOTICE: Processing operation=g protocol=refGene

NOTICE: Running with system command <annotate_variation.pl -geneanno -buildver hg38 -dbtype refGene -outfile Annotated.refGene -exonsort -nofirstcodondel Annotated.avinput /scratch/fuchs/agmisc/chiocchetti/annovar/humandb/ -thread 20>
NOTICE: Output files are written to Annotated.refGene.variant_function, Annotated.refGene.exonic_variant_function
NOTICE: the queryfile Annotated.avinput contains 2678527 lines
NOTICE: number of threads is reduced to 6 (use --maxgenethread to change this behavior)
NOTICE: the queryfile Annotated.avinput contains 2678527 lines
NOTICE: Creating new threads for query line 1 to 446422
NOTICE: Creating new threads for query line 446423 to 892844
NOTICE: Creating new threads for query line 892845 to 1339266
NOTICE: Creating new threads for query line 1339267 to 1785688
NOTICE: Creating new threads for query line 1785689 to 2232110
NOTICE: Creating new threads for query line 2232111 to 2678527
NOTICE: Reading gene annotation from /scratch/fuchs/agmisc/chiocchetti/annovar/humandb/hg38_refGene.txt ... Done with 82500 transcripts (including 20366 without coding sequence annotation) for 28265 unique genes
NOTICE: Processing next batch with 446422 unique variants in 446422 input lines
NOTICE: Reading FASTA sequences from /scratch/fuchs/agmisc/chiocchetti/annovar/humandb/hg38_refGeneMrna.fa ... Done with 9186 sequences
WARNING: A total of 591 sequences will be ignored due to lack of correct ORF annotation
NOTICE: Reading gene annotation from /scratch/fuchs/agmisc/chiocchetti/annovar/humandb/hg38_refGene.txt ... Done with 82500 transcripts (including 20366 without coding sequence annotation) for 28265 unique genes
NOTICE: Processing next batch with 446422 unique variants in 446422 input lines
NOTICE: Reading FASTA sequences from /scratch/fuchs/agmisc/chiocchetti/annovar/humandb/hg38_refGeneMrna.fa ... Done with 9394 sequences
WARNING: A total of 591 sequences will be ignored due to lack of correct ORF annotation
NOTICE: Reading gene annotation from /scratch/fuchs/agmisc/chiocchetti/annovar/humandb/hg38_refGene.txt ... Done with 82500 transcripts (including 20366 without coding sequence annotation) for 28265 unique genes
NOTICE: Processing next batch with 446422 unique variants in 446422 input lines
NOTICE: Reading FASTA sequences from /scratch/fuchs/agmisc/chiocchetti/annovar/humandb/hg38_refGeneMrna.fa ... Done with 9298 sequences
WARNING: A total of 591 sequences will be ignored due to lack of correct ORF annotation
NOTICE: Reading gene annotation from /scratch/fuchs/agmisc/chiocchetti/annovar/humandb/hg38_refGene.txt ... Done with 82500 transcripts (including 20366 without coding sequence annotation) for 28265 unique genes
NOTICE: Processing next batch with 446422 unique variants in 446422 input lines
NOTICE: Reading FASTA sequences from /scratch/fuchs/agmisc/chiocchetti/annovar/humandb/hg38_refGeneMrna.fa ... Done with 7529 sequences
WARNING: A total of 591 sequences will be ignored due to lack of correct ORF annotation
NOTICE: Reading gene annotation from /scratch/fuchs/agmisc/chiocchetti/annovar/humandb/hg38_refGene.txt ... Done with 82500 transcripts (including 20366 without coding sequence annotation) for 28265 unique genes
NOTICE: Processing next batch with 446422 unique variants in 446422 input lines
NOTICE: Reading FASTA sequences from /scratch/fuchs/agmisc/chiocchetti/annovar/humandb/hg38_refGeneMrna.fa ... Done with 9373 sequences
WARNING: A total of 591 sequences will be ignored due to lack of correct ORF annotation
NOTICE: Reading gene annotation from /scratch/fuchs/agmisc/chiocchetti/annovar/humandb/hg38_refGene.txt ... Done with 82500 transcripts (including 20366 without coding sequence annotation) for 28265 unique genes
NOTICE: Processing next batch with 446417 unique variants in 446417 input lines
NOTICE: Reading FASTA sequences from /scratch/fuchs/agmisc/chiocchetti/annovar/humandb/hg38_refGeneMrna.fa ... Done with 8851 sequences
WARNING: A total of 591 sequences will be ignored due to lack of correct ORF annotation

NOTICE: Running with system command <coding_change.pl  Annotated.refGene.exonic_variant_function.orig /scratch/fuchs/agmisc/chiocchetti/annovar/humandb//hg38_refGene.txt /scratch/fuchs/agmisc/chiocchetti/annovar/humandb//hg38_refGeneMrna.fa -alltranscript -out Annotated.refGene.fa -newevf Annotated.refGene.exonic_variant_function>
Warning: 87 transcripts are flagged as having potential ORF issues (premature stopcodon or lack of stop codon)
-----------------------------------------------------------------
NOTICE: Multianno output file is written to Annotated.hg38_multianno.txt
NOTICE: Reading from Annotated.hg38_multianno.txt
-----------------------------------------------------------------
NOTICE: VCF output is written to Annotated.hg38_multianno.vcf
done
