the length of filename is 105
/scratch/fuchs/agmisc/chiocchetti/RAISEGenicData/VCF_Files/RAISE_Genic_WES_Frankfurt_Kuopio_merged.vcf.gz is used
modus is test: subset is used
using existing testset file; if you want to use an otherone delete or rename testset.vcf.gz in /scratch/fuchs/agmisc/chiocchetti/RAISEGenicData/VCF_Files
run normalization step1
Lines   total/split/realigned/skipped:	2348068/177758/0/0
run normalization step2
Lines   total/split/realigned/skipped:	2678527/0/204537/0
run annotation

NOTICE: Running with system command <convert2annovar.pl  -includeinfo -allsample -withfreq -format vcf4 02_merged.vcf.gz > Annotated.avinput>
NOTICE: Finished reading 2681982 lines from VCF file
NOTICE: A total of 2678527 locus in VCF file passed QC threshold, representing 2071643 SNPs (1361103 transitions and 710540 transversions) and 527406 indels/substitutions
NOTICE: Finished writing allele frequencies based on 37289574 SNP genotypes (24499854 transitions and 12789720 transversions) and 9493308 indels/substitutions for 18 samples
WARNING: 79478 invalid alternative alleles found in input file

NOTICE: Running with system command </scratch/fuchs/agmisc/chiocchetti/annovar/table_annovar.pl Annotated.avinput /scratch/fuchs/agmisc/chiocchetti/annovar/humandb/ -buildver hg38 -outfile Annotated -remove -protocol refGene,cytoBand,exac03,avsnp147,dbnsfp30a -operation gx,r,f,f,f -nastring . -polish -thread 20 -maxgenethread 20 -otherinfo>
-----------------------------------------------------------------
NOTICE: Processing operation=gx protocol=refGene
WARNING: the 'g' rather than 'gx' operation will used due to lack of -xreffile argument

NOTICE: Running with system command <annotate_variation.pl -geneanno -buildver hg38 -dbtype refGene -outfile Annotated.refGene -exonsort -nofirstcodondel Annotated.avinput /scratch/fuchs/agmisc/chiocchetti/annovar/humandb/ -thread 20 -maxgenethread 20>
NOTICE: Output files are written to Annotated.refGene.variant_function, Annotated.refGene.exonic_variant_function
NOTICE: the queryfile Annotated.avinput contains 2678527 lines
NOTICE: Creating new threads for query line 1 to 133927
NOTICE: Creating new threads for query line 133928 to 267854
NOTICE: Creating new threads for query line 267855 to 401781
NOTICE: Creating new threads for query line 401782 to 535708
NOTICE: Creating new threads for query line 535709 to 669635
NOTICE: Creating new threads for query line 669636 to 803562
NOTICE: Creating new threads for query line 803563 to 937489
NOTICE: Creating new threads for query line 937490 to 1071416
NOTICE: Creating new threads for query line 1071417 to 1205343
NOTICE: Creating new threads for query line 1205344 to 1339270
NOTICE: Creating new threads for query line 1339271 to 1473197
NOTICE: Creating new threads for query line 1473198 to 1607124
NOTICE: Creating new threads for query line 1607125 to 1741051
NOTICE: Creating new threads for query line 1741052 to 1874978
NOTICE: Creating new threads for query line 1874979 to 2008905
NOTICE: Creating new threads for query line 2008906 to 2142832
NOTICE: Creating new threads for query line 2142833 to 2276759
NOTICE: Creating new threads for query line 2276760 to 2410686
NOTICE: Creating new threads for query line 2410687 to 2544613
NOTICE: Creating new threads for query line 2544614 to 2678527
NOTICE: Reading gene annotation from /scratch/fuchs/agmisc/chiocchetti/annovar/humandb/hg38_refGene.txt ... Done with 82500 transcripts (including 20366 without coding sequence annotation) for 28265 unique genes
NOTICE: Processing next batch with 133927 unique variants in 133927 input lines
NOTICE: Reading FASTA sequences from /scratch/fuchs/agmisc/chiocchetti/annovar/humandb/hg38_refGeneMrna.fa ... Done with 2708 sequences
WARNING: A total of 591 sequences will be ignored due to lack of correct ORF annotation
NOTICE: Reading gene annotation from /scratch/fuchs/agmisc/chiocchetti/annovar/humandb/hg38_refGene.txt ... Done with 82500 transcripts (including 20366 without coding sequence annotation) for 28265 unique genes
NOTICE: Processing next batch with 133927 unique variants in 133927 input lines
NOTICE: Reading FASTA sequences from /scratch/fuchs/agmisc/chiocchetti/annovar/humandb/hg38_refGeneMrna.fa ... Done with 2824 sequences
WARNING: A total of 591 sequences will be ignored due to lack of correct ORF annotation
NOTICE: Reading gene annotation from /scratch/fuchs/agmisc/chiocchetti/annovar/humandb/hg38_refGene.txt ... Done with 82500 transcripts (including 20366 without coding sequence annotation) for 28265 unique genes
NOTICE: Processing next batch with 133927 unique variants in 133927 input lines
NOTICE: Reading FASTA sequences from /scratch/fuchs/agmisc/chiocchetti/annovar/humandb/hg38_refGeneMrna.fa ... Done with 2724 sequences
WARNING: A total of 591 sequences will be ignored due to lack of correct ORF annotation
NOTICE: Reading gene annotation from /scratch/fuchs/agmisc/chiocchetti/annovar/humandb/hg38_refGene.txt ... Done with 82500 transcripts (including 20366 without coding sequence annotation) for 28265 unique genes
NOTICE: Processing next batch with 133927 unique variants in 133927 input lines
NOTICE: Reading FASTA sequences from /scratch/fuchs/agmisc/chiocchetti/annovar/humandb/hg38_refGeneMrna.fa ... Done with 3069 sequences
WARNING: A total of 591 sequences will be ignored due to lack of correct ORF annotation
NOTICE: Reading gene annotation from /scratch/fuchs/agmisc/chiocchetti/annovar/humandb/hg38_refGene.txt ... Done with 82500 transcripts (including 20366 without coding sequence annotation) for 28265 unique genes
NOTICE: Processing next batch with 133927 unique variants in 133927 input lines
NOTICE: Reading FASTA sequences from /scratch/fuchs/agmisc/chiocchetti/annovar/humandb/hg38_refGeneMrna.fa ... Done with 2636 sequences
WARNING: A total of 591 sequences will be ignored due to lack of correct ORF annotation
NOTICE: Reading gene annotation from /scratch/fuchs/agmisc/chiocchetti/annovar/humandb/hg38_refGene.txt ... Done with 82500 transcripts (including 20366 without coding sequence annotation) for 28265 unique genes
NOTICE: Processing next batch with 133927 unique variants in 133927 input lines
NOTICE: Reading FASTA sequences from /scratch/fuchs/agmisc/chiocchetti/annovar/humandb/hg38_refGeneMrna.fa ... Done with 2671 sequences
WARNING: A total of 591 sequences will be ignored due to lack of correct ORF annotation
NOTICE: Reading gene annotation from /scratch/fuchs/agmisc/chiocchetti/annovar/humandb/hg38_refGene.txt ... Done with 82500 transcripts (including 20366 without coding sequence annotation) for 28265 unique genes
NOTICE: Processing next batch with 133927 unique variants in 133927 input lines
NOTICE: Reading FASTA sequences from /scratch/fuchs/agmisc/chiocchetti/annovar/humandb/hg38_refGeneMrna.fa ... Done with 2783 sequences
WARNING: A total of 591 sequences will be ignored due to lack of correct ORF annotation
NOTICE: Reading gene annotation from /scratch/fuchs/agmisc/chiocchetti/annovar/humandb/hg38_refGene.txt ... Done with 82500 transcripts (including 20366 without coding sequence annotation) for 28265 unique genes
NOTICE: Processing next batch with 133927 unique variants in 133927 input lines
NOTICE: Reading FASTA sequences from /scratch/fuchs/agmisc/chiocchetti/annovar/humandb/hg38_refGeneMrna.fa ... Done with 2578 sequences
WARNING: A total of 591 sequences will be ignored due to lack of correct ORF annotation
NOTICE: Reading gene annotation from /scratch/fuchs/agmisc/chiocchetti/annovar/humandb/hg38_refGene.txt ... Done with 82500 transcripts (including 20366 without coding sequence annotation) for 28265 unique genes
NOTICE: Processing next batch with 133927 unique variants in 133927 input lines
NOTICE: Reading FASTA sequences from /scratch/fuchs/agmisc/chiocchetti/annovar/humandb/hg38_refGeneMrna.fa ... Done with 2873 sequences
WARNING: A total of 591 sequences will be ignored due to lack of correct ORF annotation
NOTICE: Reading gene annotation from /scratch/fuchs/agmisc/chiocchetti/annovar/humandb/hg38_refGene.txt ... Done with 82500 transcripts (including 20366 without coding sequence annotation) for 28265 unique genes
NOTICE: Processing next batch with 133927 unique variants in 133927 input lines
NOTICE: Reading FASTA sequences from /scratch/fuchs/agmisc/chiocchetti/annovar/humandb/hg38_refGeneMrna.fa ... Done with 3075 sequences
WARNING: A total of 591 sequences will be ignored due to lack of correct ORF annotation
NOTICE: Reading gene annotation from /scratch/fuchs/agmisc/chiocchetti/annovar/humandb/hg38_refGene.txt ... Done with 82500 transcripts (including 20366 without coding sequence annotation) for 28265 unique genes
NOTICE: Processing next batch with 133927 unique variants in 133927 input lines
NOTICE: Reading FASTA sequences from /scratch/fuchs/agmisc/chiocchetti/annovar/humandb/hg38_refGeneMrna.fa ... Done with 3059 sequences
WARNING: A total of 591 sequences will be ignored due to lack of correct ORF annotation
NOTICE: Reading gene annotation from /scratch/fuchs/agmisc/chiocchetti/annovar/humandb/hg38_refGene.txt ... Done with 82500 transcripts (including 20366 without coding sequence annotation) for 28265 unique genes
NOTICE: Processing next batch with 133927 unique variants in 133927 input lines
NOTICE: Reading FASTA sequences from /scratch/fuchs/agmisc/chiocchetti/annovar/humandb/hg38_refGeneMrna.fa ... Done with 2401 sequences
WARNING: A total of 591 sequences will be ignored due to lack of correct ORF annotation
NOTICE: Reading gene annotation from /scratch/fuchs/agmisc/chiocchetti/annovar/humandb/hg38_refGene.txt ... Done with 82500 transcripts (including 20366 without coding sequence annotation) for 28265 unique genes
NOTICE: Processing next batch with 133927 unique variants in 133927 input lines
NOTICE: Reading FASTA sequences from /scratch/fuchs/agmisc/chiocchetti/annovar/humandb/hg38_refGeneMrna.fa ... Done with 2917 sequences
WARNING: A total of 591 sequences will be ignored due to lack of correct ORF annotation
NOTICE: Reading gene annotation from /scratch/fuchs/agmisc/chiocchetti/annovar/humandb/hg38_refGene.txt ... Done with 82500 transcripts (including 20366 without coding sequence annotation) for 28265 unique genes
NOTICE: Processing next batch with 133927 unique variants in 133927 input lines
NOTICE: Reading FASTA sequences from /scratch/fuchs/agmisc/chiocchetti/annovar/humandb/hg38_refGeneMrna.fa ... Done with 2204 sequences
WARNING: A total of 591 sequences will be ignored due to lack of correct ORF annotation
NOTICE: Reading gene annotation from /scratch/fuchs/agmisc/chiocchetti/annovar/humandb/hg38_refGene.txt ... Done with 82500 transcripts (including 20366 without coding sequence annotation) for 28265 unique genes
NOTICE: Processing next batch with 133927 unique variants in 133927 input lines
NOTICE: Reading FASTA sequences from /scratch/fuchs/agmisc/chiocchetti/annovar/humandb/hg38_refGeneMrna.fa ... Done with 2237 sequences
WARNING: A total of 591 sequences will be ignored due to lack of correct ORF annotation
NOTICE: Reading gene annotation from /scratch/fuchs/agmisc/chiocchetti/annovar/humandb/hg38_refGene.txt ... Done with 82500 transcripts (including 20366 without coding sequence annotation) for 28265 unique genes
NOTICE: Processing next batch with 133927 unique variants in 133927 input lines
NOTICE: Reading FASTA sequences from /scratch/fuchs/agmisc/chiocchetti/annovar/humandb/hg38_refGeneMrna.fa ... Done with 2406 sequences
WARNING: A total of 591 sequences will be ignored due to lack of correct ORF annotation
NOTICE: Reading gene annotation from /scratch/fuchs/agmisc/chiocchetti/annovar/humandb/hg38_refGene.txt ... Done with 82500 transcripts (including 20366 without coding sequence annotation) for 28265 unique genes
NOTICE: Processing next batch with 133927 unique variants in 133927 input lines
NOTICE: Reading FASTA sequences from /scratch/fuchs/agmisc/chiocchetti/annovar/humandb/hg38_refGeneMrna.fa ... Done with 2196 sequences
WARNING: A total of 591 sequences will be ignored due to lack of correct ORF annotation
NOTICE: Reading gene annotation from /scratch/fuchs/agmisc/chiocchetti/annovar/humandb/hg38_refGene.txt ... Done with 82500 transcripts (including 20366 without coding sequence annotation) for 28265 unique genes
NOTICE: Processing next batch with 133927 unique variants in 133927 input lines
NOTICE: Reading FASTA sequences from /scratch/fuchs/agmisc/chiocchetti/annovar/humandb/hg38_refGeneMrna.fa ... Done with 2581 sequences
WARNING: A total of 591 sequences will be ignored due to lack of correct ORF annotation
NOTICE: Reading gene annotation from /scratch/fuchs/agmisc/chiocchetti/annovar/humandb/hg38_refGene.txt ... Done with 82500 transcripts (including 20366 without coding sequence annotation) for 28265 unique genes
NOTICE: Processing next batch with 133927 unique variants in 133927 input lines
NOTICE: Reading FASTA sequences from /scratch/fuchs/agmisc/chiocchetti/annovar/humandb/hg38_refGeneMrna.fa ... Done with 2645 sequences
WARNING: A total of 591 sequences will be ignored due to lack of correct ORF annotation
NOTICE: Reading gene annotation from /scratch/fuchs/agmisc/chiocchetti/annovar/humandb/hg38_refGene.txt ... Done with 82500 transcripts (including 20366 without coding sequence annotation) for 28265 unique genes
NOTICE: Processing next batch with 133914 unique variants in 133914 input lines
NOTICE: Reading FASTA sequences from /scratch/fuchs/agmisc/chiocchetti/annovar/humandb/hg38_refGeneMrna.fa ... Done with 3034 sequences
WARNING: A total of 591 sequences will be ignored due to lack of correct ORF annotation

NOTICE: Running with system command <coding_change.pl  Annotated.refGene.exonic_variant_function.orig /scratch/fuchs/agmisc/chiocchetti/annovar/humandb//hg38_refGene.txt /scratch/fuchs/agmisc/chiocchetti/annovar/humandb//hg38_refGeneMrna.fa -alltranscript -out Annotated.refGene.fa -newevf Annotated.refGene.exonic_variant_function>
Warning: 87 transcripts are flagged as having potential ORF issues (premature stopcodon or lack of stop codon)
-----------------------------------------------------------------
NOTICE: Processing operation=r protocol=cytoBand

NOTICE: Running with system command <annotate_variation.pl -regionanno -dbtype cytoBand -buildver hg38 -outfile Annotated Annotated.avinput /scratch/fuchs/agmisc/chiocchetti/annovar/humandb/ -thread 20>
NOTICE: Output file is written to Annotated.hg38_cytoBand
NOTICE: the queryfile Annotated.avinput contains 2678527 lines
NOTICE: Creating new threads for query line 1 to 133927
NOTICE: Creating new threads for query line 133928 to 267854
NOTICE: Creating new threads for query line 267855 to 401781
NOTICE: Creating new threads for query line 401782 to 535708
NOTICE: Creating new threads for query line 535709 to 669635
NOTICE: Creating new threads for query line 669636 to 803562
NOTICE: Creating new threads for query line 803563 to 937489
NOTICE: Creating new threads for query line 937490 to 1071416
NOTICE: Creating new threads for query line 1071417 to 1205343
NOTICE: Creating new threads for query line 1205344 to 1339270
NOTICE: Creating new threads for query line 1339271 to 1473197
NOTICE: Creating new threads for query line 1473198 to 1607124
NOTICE: Creating new threads for query line 1607125 to 1741051
NOTICE: Creating new threads for query line 1741052 to 1874978
NOTICE: Creating new threads for query line 1874979 to 2008905
NOTICE: Creating new threads for query line 2008906 to 2142832
NOTICE: Creating new threads for query line 2142833 to 2276759
NOTICE: Creating new threads for query line 2276760 to 2410686
NOTICE: Creating new threads for query line 2410687 to 2544613
NOTICE: Creating new threads for query line 2544614 to 2678527
NOTICE: Reading annotation database /scratch/fuchs/agmisc/chiocchetti/annovar/humandb/hg38_cytoBand.txt ... Done with 1433 regions
NOTICE: Finished region-based annotation on 133927 genetic variants
NOTICE: Reading annotation database /scratch/fuchs/agmisc/chiocchetti/annovar/humandb/hg38_cytoBand.txt ... Done with 1433 regions
NOTICE: Finished region-based annotation on 133927 genetic variants
NOTICE: Reading annotation database /scratch/fuchs/agmisc/chiocchetti/annovar/humandb/hg38_cytoBand.txt ... Done with 1433 regions
NOTICE: Finished region-based annotation on 133927 genetic variants
NOTICE: Reading annotation database /scratch/fuchs/agmisc/chiocchetti/annovar/humandb/hg38_cytoBand.txt ... Done with 1433 regions
NOTICE: Finished region-based annotation on 133927 genetic variants
NOTICE: Reading annotation database /scratch/fuchs/agmisc/chiocchetti/annovar/humandb/hg38_cytoBand.txt ... Done with 1433 regions
NOTICE: Finished region-based annotation on 133927 genetic variants
NOTICE: Reading annotation database /scratch/fuchs/agmisc/chiocchetti/annovar/humandb/hg38_cytoBand.txt ... Done with 1433 regions
NOTICE: Finished region-based annotation on 133927 genetic variants
NOTICE: Reading annotation database /scratch/fuchs/agmisc/chiocchetti/annovar/humandb/hg38_cytoBand.txt ... Done with 1433 regions
NOTICE: Finished region-based annotation on 133927 genetic variants
NOTICE: Reading annotation database /scratch/fuchs/agmisc/chiocchetti/annovar/humandb/hg38_cytoBand.txt ... Done with 1433 regions
NOTICE: Finished region-based annotation on 133927 genetic variants
NOTICE: Reading annotation database /scratch/fuchs/agmisc/chiocchetti/annovar/humandb/hg38_cytoBand.txt ... Done with 1433 regions
NOTICE: Finished region-based annotation on 133927 genetic variants
NOTICE: Reading annotation database /scratch/fuchs/agmisc/chiocchetti/annovar/humandb/hg38_cytoBand.txt ... Done with 1433 regions
NOTICE: Finished region-based annotation on 133927 genetic variants
NOTICE: Reading annotation database /scratch/fuchs/agmisc/chiocchetti/annovar/humandb/hg38_cytoBand.txt ... Done with 1433 regions
NOTICE: Finished region-based annotation on 133927 genetic variants
NOTICE: Reading annotation database /scratch/fuchs/agmisc/chiocchetti/annovar/humandb/hg38_cytoBand.txt ... Done with 1433 regions
NOTICE: Finished region-based annotation on 133927 genetic variants
NOTICE: Reading annotation database /scratch/fuchs/agmisc/chiocchetti/annovar/humandb/hg38_cytoBand.txt ... Done with 1433 regions
NOTICE: Finished region-based annotation on 133927 genetic variants
NOTICE: Reading annotation database /scratch/fuchs/agmisc/chiocchetti/annovar/humandb/hg38_cytoBand.txt ... Done with 1433 regions
NOTICE: Finished region-based annotation on 133927 genetic variants
NOTICE: Reading annotation database /scratch/fuchs/agmisc/chiocchetti/annovar/humandb/hg38_cytoBand.txt ... Done with 1433 regions
NOTICE: Finished region-based annotation on 133927 genetic variants
NOTICE: Reading annotation database /scratch/fuchs/agmisc/chiocchetti/annovar/humandb/hg38_cytoBand.txt ... Done with 1433 regions
NOTICE: Finished region-based annotation on 133927 genetic variants
NOTICE: Reading annotation database /scratch/fuchs/agmisc/chiocchetti/annovar/humandb/hg38_cytoBand.txt ... Done with 1433 regions
NOTICE: Finished region-based annotation on 133927 genetic variants
NOTICE: Reading annotation database /scratch/fuchs/agmisc/chiocchetti/annovar/humandb/hg38_cytoBand.txt ... Done with 1433 regions
NOTICE: Finished region-based annotation on 133927 genetic variants
NOTICE: Reading annotation database /scratch/fuchs/agmisc/chiocchetti/annovar/humandb/hg38_cytoBand.txt ... Done with 1433 regions
NOTICE: Finished region-based annotation on 133927 genetic variants
NOTICE: Reading annotation database /scratch/fuchs/agmisc/chiocchetti/annovar/humandb/hg38_cytoBand.txt ... Done with 1433 regions
NOTICE: Finished region-based annotation on 133914 genetic variants
-----------------------------------------------------------------
NOTICE: Processing operation=f protocol=exac03
NOTICE: Finished reading 8 column headers for '-dbtype exac03'

NOTICE: Running system command <annotate_variation.pl -filter -dbtype exac03 -buildver hg38 -outfile Annotated Annotated.avinput /scratch/fuchs/agmisc/chiocchetti/annovar/humandb/ -thread 20 -otherinfo>
NOTICE: Output file with variants matching filtering criteria is written to Annotated.hg38_exac03_dropped, and output file with other variants is written to Annotated.hg38_exac03_filtered
NOTICE: the queryfile Annotated.avinput contains 2678527 lines
NOTICE: Creating new threads for query line 1 to 133927
NOTICE: Creating new threads for query line 133928 to 267854
NOTICE: Creating new threads for query line 267855 to 401781
NOTICE: Creating new threads for query line 401782 to 535708
NOTICE: Creating new threads for query line 535709 to 669635
NOTICE: Creating new threads for query line 669636 to 803562
NOTICE: Creating new threads for query line 803563 to 937489
NOTICE: Creating new threads for query line 937490 to 1071416
NOTICE: Creating new threads for query line 1071417 to 1205343
NOTICE: Creating new threads for query line 1205344 to 1339270
NOTICE: Creating new threads for query line 1339271 to 1473197
NOTICE: Creating new threads for query line 1473198 to 1607124
NOTICE: Creating new threads for query line 1607125 to 1741051
NOTICE: Creating new threads for query line 1741052 to 1874978
NOTICE: Creating new threads for query line 1874979 to 2008905
NOTICE: Creating new threads for query line 2008906 to 2142832
NOTICE: Creating new threads for query line 2142833 to 2276759
NOTICE: Creating new threads for query line 2276760 to 2410686
NOTICE: Creating new threads for query line 2410687 to 2544613
NOTICE: Creating new threads for query line 2544614 to 2678527
NOTICE: Processing next batch with 133251 unique variants in 133927 input lines
NOTICE: Database index loaded. Total number of bins is 749044 and the number of bins to be scanned is 24910
NOTICE: Scanning filter database /scratch/fuchs/agmisc/chiocchetti/annovar/humandb/hg38_exac03.txt...Done
NOTICE: Processing next batch with 133320 unique variants in 133927 input lines
NOTICE: Database index loaded. Total number of bins is 749044 and the number of bins to be scanned is 25216
NOTICE: Scanning filter database /scratch/fuchs/agmisc/chiocchetti/annovar/humandb/hg38_exac03.txt...Done
NOTICE: Processing next batch with 133211 unique variants in 133927 input lines
NOTICE: Database index loaded. Total number of bins is 749044 and the number of bins to be scanned is 26585
NOTICE: Scanning filter database /scratch/fuchs/agmisc/chiocchetti/annovar/humandb/hg38_exac03.txt...Done
NOTICE: Processing next batch with 133165 unique variants in 133927 input lines
NOTICE: Database index loaded. Total number of bins is 749044 and the number of bins to be scanned is 22990
NOTICE: Scanning filter database /scratch/fuchs/agmisc/chiocchetti/annovar/humandb/hg38_exac03.txt...Done
NOTICE: Processing next batch with 133258 unique variants in 133927 input lines
NOTICE: Database index loaded. Total number of bins is 749044 and the number of bins to be scanned is 27015
NOTICE: Scanning filter database /scratch/fuchs/agmisc/chiocchetti/annovar/humandb/hg38_exac03.txt...Done
NOTICE: Processing next batch with 133154 unique variants in 133927 input lines
NOTICE: Database index loaded. Total number of bins is 749044 and the number of bins to be scanned is 23367
NOTICE: Scanning filter database /scratch/fuchs/agmisc/chiocchetti/annovar/humandb/hg38_exac03.txt...Done
NOTICE: Processing next batch with 133180 unique variants in 133927 input lines
NOTICE: Database index loaded. Total number of bins is 749044 and the number of bins to be scanned is 21901
NOTICE: Scanning filter database /scratch/fuchs/agmisc/chiocchetti/annovar/humandb/hg38_exac03.txt...Done
NOTICE: Processing next batch with 133168 unique variants in 133927 input lines
NOTICE: Database index loaded. Total number of bins is 749044 and the number of bins to be scanned is 24534
NOTICE: Scanning filter database /scratch/fuchs/agmisc/chiocchetti/annovar/humandb/hg38_exac03.txt...Done
NOTICE: Processing next batch with 133247 unique variants in 133927 input lines
NOTICE: Database index loaded. Total number of bins is 749044 and the number of bins to be scanned is 22430
NOTICE: Scanning filter database /scratch/fuchs/agmisc/chiocchetti/annovar/humandb/hg38_exac03.txt...Done
NOTICE: Processing next batch with 133277 unique variants in 133927 input lines
NOTICE: Database index loaded. Total number of bins is 749044 and the number of bins to be scanned is 25172
NOTICE: Scanning filter database /scratch/fuchs/agmisc/chiocchetti/annovar/humandb/hg38_exac03.txt...Done
NOTICE: Processing next batch with 133281 unique variants in 133927 input lines
NOTICE: Database index loaded. Total number of bins is 749044 and the number of bins to be scanned is 26044
NOTICE: Scanning filter database /scratch/fuchs/agmisc/chiocchetti/annovar/humandb/hg38_exac03.txt...Done
NOTICE: Processing next batch with 133096 unique variants in 133927 input lines
NOTICE: Database index loaded. Total number of bins is 749044 and the number of bins to be scanned is 23082
NOTICE: Scanning filter database /scratch/fuchs/agmisc/chiocchetti/annovar/humandb/hg38_exac03.txt...Done
NOTICE: Processing next batch with 133116 unique variants in 133927 input lines
NOTICE: Database index loaded. Total number of bins is 749044 and the number of bins to be scanned is 25329
NOTICE: Scanning filter database /scratch/fuchs/agmisc/chiocchetti/annovar/humandb/hg38_exac03.txt...Done
NOTICE: Processing next batch with 133137 unique variants in 133927 input lines
NOTICE: Database index loaded. Total number of bins is 749044 and the number of bins to be scanned is 22162
NOTICE: Scanning filter database /scratch/fuchs/agmisc/chiocchetti/annovar/humandb/hg38_exac03.txt...Done
NOTICE: Processing next batch with 133267 unique variants in 133927 input lines
NOTICE: Database index loaded. Total number of bins is 749044 and the number of bins to be scanned is 21622
NOTICE: Scanning filter database /scratch/fuchs/agmisc/chiocchetti/annovar/humandb/hg38_exac03.txt...Done
NOTICE: Processing next batch with 133153 unique variants in 133927 input lines
NOTICE: Database index loaded. Total number of bins is 749044 and the number of bins to be scanned is 23413
NOTICE: Scanning filter database /scratch/fuchs/agmisc/chiocchetti/annovar/humandb/hg38_exac03.txt...Done
NOTICE: Processing next batch with 133131 unique variants in 133927 input lines
NOTICE: Database index loaded. Total number of bins is 749044 and the number of bins to be scanned is 22931
NOTICE: Scanning filter database /scratch/fuchs/agmisc/chiocchetti/annovar/humandb/hg38_exac03.txt...Done
NOTICE: Processing next batch with 133294 unique variants in 133927 input lines
NOTICE: Database index loaded. Total number of bins is 749044 and the number of bins to be scanned is 21412
NOTICE: Scanning filter database /scratch/fuchs/agmisc/chiocchetti/annovar/humandb/hg38_exac03.txt...Done
NOTICE: Processing next batch with 133134 unique variants in 133927 input lines
NOTICE: Database index loaded. Total number of bins is 749044 and the number of bins to be scanned is 23922
NOTICE: Scanning filter database /scratch/fuchs/agmisc/chiocchetti/annovar/humandb/hg38_exac03.txt...Done
NOTICE: Processing next batch with 133089 unique variants in 133914 input lines
NOTICE: Database index loaded. Total number of bins is 749044 and the number of bins to be scanned is 21522
NOTICE: Scanning filter database /scratch/fuchs/agmisc/chiocchetti/annovar/humandb/hg38_exac03.txt...Done
-----------------------------------------------------------------
NOTICE: Processing operation=f protocol=avsnp147

NOTICE: Running system command <annotate_variation.pl -filter -dbtype avsnp147 -buildver hg38 -outfile Annotated Annotated.avinput /scratch/fuchs/agmisc/chiocchetti/annovar/humandb/ -thread 20>
NOTICE: Output file with variants matching filtering criteria is written to Annotated.hg38_avsnp147_dropped, and output file with other variants is written to Annotated.hg38_avsnp147_filtered
NOTICE: the queryfile Annotated.avinput contains 2678527 lines
NOTICE: Creating new threads for query line 1 to 133927
NOTICE: Creating new threads for query line 133928 to 267854
NOTICE: Creating new threads for query line 267855 to 401781
NOTICE: Creating new threads for query line 401782 to 535708
NOTICE: Creating new threads for query line 535709 to 669635
NOTICE: Creating new threads for query line 669636 to 803562
NOTICE: Creating new threads for query line 803563 to 937489
NOTICE: Creating new threads for query line 937490 to 1071416
NOTICE: Creating new threads for query line 1071417 to 1205343
NOTICE: Creating new threads for query line 1205344 to 1339270
NOTICE: Creating new threads for query line 1339271 to 1473197
NOTICE: Creating new threads for query line 1473198 to 1607124
NOTICE: Creating new threads for query line 1607125 to 1741051
NOTICE: Creating new threads for query line 1741052 to 1874978
NOTICE: Creating new threads for query line 1874979 to 2008905
NOTICE: Creating new threads for query line 2008906 to 2142832
NOTICE: Creating new threads for query line 2142833 to 2276759
NOTICE: Creating new threads for query line 2276760 to 2410686
NOTICE: Creating new threads for query line 2410687 to 2544613
NOTICE: Creating new threads for query line 2544614 to 2678527
NOTICE: Processing next batch with 133251 unique variants in 133927 input lines
NOTICE: Database index loaded. Total number of bins is 27843692 and the number of bins to be scanned is 61557
NOTICE: Scanning filter database /scratch/fuchs/agmisc/chiocchetti/annovar/humandb/hg38_avsnp147.txt...Done
NOTICE: Processing next batch with 133320 unique variants in 133927 input lines
NOTICE: Database index loaded. Total number of bins is 27843692 and the number of bins to be scanned is 62719
NOTICE: Scanning filter database /scratch/fuchs/agmisc/chiocchetti/annovar/humandb/hg38_avsnp147.txt...Done
NOTICE: Processing next batch with 133211 unique variants in 133927 input lines
NOTICE: Database index loaded. Total number of bins is 27843692 and the number of bins to be scanned is 66847
NOTICE: Scanning filter database /scratch/fuchs/agmisc/chiocchetti/annovar/humandb/hg38_avsnp147.txt...Done
NOTICE: Processing next batch with 133258 unique variants in 133927 input lines
NOTICE: Database index loaded. Total number of bins is 27843692 and the number of bins to be scanned is 66171
NOTICE: Scanning filter database /scratch/fuchs/agmisc/chiocchetti/annovar/humandb/hg38_avsnp147.txt...Done
NOTICE: Processing next batch with 133165 unique variants in 133927 input lines
NOTICE: Database index loaded. Total number of bins is 27843692 and the number of bins to be scanned is 63601
NOTICE: Scanning filter database /scratch/fuchs/agmisc/chiocchetti/annovar/humandb/hg38_avsnp147.txt...Done
NOTICE: Processing next batch with 133168 unique variants in 133927 input lines
NOTICE: Database index loaded. Total number of bins is 27843692 and the number of bins to be scanned is 59695
NOTICE: Scanning filter database /scratch/fuchs/agmisc/chiocchetti/annovar/humandb/hg38_avsnp147.txt...Done
NOTICE: Processing next batch with 133180 unique variants in 133927 input lines
NOTICE: Database index loaded. Total number of bins is 27843692 and the number of bins to be scanned is 58580
NOTICE: Scanning filter database /scratch/fuchs/agmisc/chiocchetti/annovar/humandb/hg38_avsnp147.txt...Done
NOTICE: Processing next batch with 133154 unique variants in 133927 input lines
NOTICE: Database index loaded. Total number of bins is 27843692 and the number of bins to be scanned is 63294
NOTICE: Scanning filter database /scratch/fuchs/agmisc/chiocchetti/annovar/humandb/hg38_avsnp147.txt...Done
NOTICE: Processing next batch with 133247 unique variants in 133927 input lines
NOTICE: Database index loaded. Total number of bins is 27843692 and the number of bins to be scanned is 61445
NOTICE: Scanning filter database /scratch/fuchs/agmisc/chiocchetti/annovar/humandb/hg38_avsnp147.txt...Done
NOTICE: Processing next batch with 133277 unique variants in 133927 input lines
NOTICE: Database index loaded. Total number of bins is 27843692 and the number of bins to be scanned is 62575
NOTICE: Scanning filter database /scratch/fuchs/agmisc/chiocchetti/annovar/humandb/hg38_avsnp147.txt...Done
NOTICE: Processing next batch with 133281 unique variants in 133927 input lines
NOTICE: Database index loaded. Total number of bins is 27843692 and the number of bins to be scanned is 62149
NOTICE: Scanning filter database /scratch/fuchs/agmisc/chiocchetti/annovar/humandb/hg38_avsnp147.txt...Done
NOTICE: Processing next batch with 133116 unique variants in 133927 input lines
NOTICE: Database index loaded. Total number of bins is 27843692 and the number of bins to be scanned is 65044
NOTICE: Scanning filter database /scratch/fuchs/agmisc/chiocchetti/annovar/humandb/hg38_avsnp147.txt...Done
NOTICE: Processing next batch with 133096 unique variants in 133927 input lines
NOTICE: Database index loaded. Total number of bins is 27843692 and the number of bins to be scanned is 63068
NOTICE: Scanning filter database /scratch/fuchs/agmisc/chiocchetti/annovar/humandb/hg38_avsnp147.txt...Done
NOTICE: Processing next batch with 133137 unique variants in 133927 input lines
NOTICE: Database index loaded. Total number of bins is 27843692 and the number of bins to be scanned is 60521
NOTICE: Scanning filter database /scratch/fuchs/agmisc/chiocchetti/annovar/humandb/hg38_avsnp147.txt...Done
NOTICE: Processing next batch with 133267 unique variants in 133927 input lines
NOTICE: Database index loaded. Total number of bins is 27843692 and the number of bins to be scanned is 56788
NOTICE: Scanning filter database /scratch/fuchs/agmisc/chiocchetti/annovar/humandb/hg38_avsnp147.txt...Done
NOTICE: Processing next batch with 133153 unique variants in 133927 input lines
NOTICE: Database index loaded. Total number of bins is 27843692 and the number of bins to be scanned is 58996
NOTICE: Scanning filter database /scratch/fuchs/agmisc/chiocchetti/annovar/humandb/hg38_avsnp147.txt...Done
NOTICE: Processing next batch with 133134 unique variants in 133927 input lines
NOTICE: Database index loaded. Total number of bins is 27843692 and the number of bins to be scanned is 55597
NOTICE: Scanning filter database /scratch/fuchs/agmisc/chiocchetti/annovar/humandb/hg38_avsnp147.txt...Done
NOTICE: Processing next batch with 133131 unique variants in 133927 input lines
NOTICE: Database index loaded. Total number of bins is 27843692 and the number of bins to be scanned is 58311
NOTICE: Scanning filter database /scratch/fuchs/agmisc/chiocchetti/annovar/humandb/hg38_avsnp147.txt...Done
NOTICE: Processing next batch with 133294 unique variants in 133927 input lines
NOTICE: Database index loaded. Total number of bins is 27843692 and the number of bins to be scanned is 57408
NOTICE: Scanning filter database /scratch/fuchs/agmisc/chiocchetti/annovar/humandb/hg38_avsnp147.txt...Done
NOTICE: Processing next batch with 133089 unique variants in 133914 input lines
NOTICE: Database index loaded. Total number of bins is 27843692 and the number of bins to be scanned is 56364
NOTICE: Scanning filter database /scratch/fuchs/agmisc/chiocchetti/annovar/humandb/hg38_avsnp147.txt...Done
-----------------------------------------------------------------
NOTICE: Processing operation=f protocol=dbnsfp30a
NOTICE: Finished reading 34 column headers for '-dbtype dbnsfp30a'

NOTICE: Running system command <annotate_variation.pl -filter -dbtype dbnsfp30a -buildver hg38 -outfile Annotated Annotated.avinput /scratch/fuchs/agmisc/chiocchetti/annovar/humandb/ -thread 20 -otherinfo>
NOTICE: Output file with variants matching filtering criteria is written to Annotated.hg38_dbnsfp30a_dropped, and output file with other variants is written to Annotated.hg38_dbnsfp30a_filtered
NOTICE: the queryfile Annotated.avinput contains 2678527 lines
NOTICE: Creating new threads for query line 1 to 133927
NOTICE: Creating new threads for query line 133928 to 267854
NOTICE: Creating new threads for query line 267855 to 401781
NOTICE: Creating new threads for query line 401782 to 535708
NOTICE: Creating new threads for query line 535709 to 669635
NOTICE: Creating new threads for query line 669636 to 803562
NOTICE: Creating new threads for query line 803563 to 937489
NOTICE: Creating new threads for query line 937490 to 1071416
NOTICE: Creating new threads for query line 1071417 to 1205343
NOTICE: Creating new threads for query line 1205344 to 1339270
NOTICE: Creating new threads for query line 1339271 to 1473197
NOTICE: Creating new threads for query line 1473198 to 1607124
NOTICE: Creating new threads for query line 1607125 to 1741051
NOTICE: Creating new threads for query line 1741052 to 1874978
NOTICE: Creating new threads for query line 1874979 to 2008905
NOTICE: Creating new threads for query line 2008906 to 2142832
NOTICE: Creating new threads for query line 2142833 to 2276759
NOTICE: Creating new threads for query line 2276760 to 2410686
NOTICE: Creating new threads for query line 2410687 to 2544613
NOTICE: Creating new threads for query line 2544614 to 2678527
NOTICE: Processing next batch with 133251 unique variants in 133927 input lines
NOTICE: Database index loaded. Total number of bins is 549138 and the number of bins to be scanned is 17911
NOTICE: Scanning filter database /scratch/fuchs/agmisc/chiocchetti/annovar/humandb/hg38_dbnsfp30a.txt...Done
NOTICE: Processing next batch with 133320 unique variants in 133927 input lines
NOTICE: Database index loaded. Total number of bins is 549138 and the number of bins to be scanned is 17932
NOTICE: Scanning filter database /scratch/fuchs/agmisc/chiocchetti/annovar/humandb/hg38_dbnsfp30a.txt...Done
NOTICE: Processing next batch with 133211 unique variants in 133927 input lines
NOTICE: Database index loaded. Total number of bins is 549138 and the number of bins to be scanned is 18810
NOTICE: Scanning filter database /scratch/fuchs/agmisc/chiocchetti/annovar/humandb/hg38_dbnsfp30a.txt...Done
NOTICE: Processing next batch with 133258 unique variants in 133927 input lines
NOTICE: Database index loaded. Total number of bins is 549138 and the number of bins to be scanned is 19283
NOTICE: Scanning filter database /scratch/fuchs/agmisc/chiocchetti/annovar/humandb/hg38_dbnsfp30a.txt...Done
NOTICE: Processing next batch with 133165 unique variants in 133927 input lines
NOTICE: Database index loaded. Total number of bins is 549138 and the number of bins to be scanned is 16152
NOTICE: Scanning filter database /scratch/fuchs/agmisc/chiocchetti/annovar/humandb/hg38_dbnsfp30a.txt...Done
NOTICE: Processing next batch with 133154 unique variants in 133927 input lines
NOTICE: Database index loaded. Total number of bins is 549138 and the number of bins to be scanned is 16567
NOTICE: Scanning filter database /scratch/fuchs/agmisc/chiocchetti/annovar/humandb/hg38_dbnsfp30a.txt...Done
NOTICE: Processing next batch with 133168 unique variants in 133927 input lines
NOTICE: Database index loaded. Total number of bins is 549138 and the number of bins to be scanned is 17381
NOTICE: Scanning filter database /scratch/fuchs/agmisc/chiocchetti/annovar/humandb/hg38_dbnsfp30a.txt...Done
NOTICE: Processing next batch with 133180 unique variants in 133927 input lines
NOTICE: Database index loaded. Total number of bins is 549138 and the number of bins to be scanned is 15414
NOTICE: Scanning filter database /scratch/fuchs/agmisc/chiocchetti/annovar/humandb/hg38_dbnsfp30a.txt...Done
NOTICE: Processing next batch with 133247 unique variants in 133927 input lines
NOTICE: Database index loaded. Total number of bins is 549138 and the number of bins to be scanned is 15717
NOTICE: Scanning filter database /scratch/fuchs/agmisc/chiocchetti/annovar/humandb/hg38_dbnsfp30a.txt...Done
NOTICE: Processing next batch with 133277 unique variants in 133927 input lines
NOTICE: Database index loaded. Total number of bins is 549138 and the number of bins to be scanned is 17611
NOTICE: Scanning filter database /scratch/fuchs/agmisc/chiocchetti/annovar/humandb/hg38_dbnsfp30a.txt...Done
NOTICE: Processing next batch with 133281 unique variants in 133927 input lines
NOTICE: Database index loaded. Total number of bins is 549138 and the number of bins to be scanned is 18647
NOTICE: Scanning filter database /scratch/fuchs/agmisc/chiocchetti/annovar/humandb/hg38_dbnsfp30a.txt...Done
NOTICE: Processing next batch with 133116 unique variants in 133927 input lines
NOTICE: Database index loaded. Total number of bins is 549138 and the number of bins to be scanned is 17448
NOTICE: Scanning filter database /scratch/fuchs/agmisc/chiocchetti/annovar/humandb/hg38_dbnsfp30a.txt...Done
NOTICE: Processing next batch with 133096 unique variants in 133927 input lines
NOTICE: Database index loaded. Total number of bins is 549138 and the number of bins to be scanned is 16000
NOTICE: Scanning filter database /scratch/fuchs/agmisc/chiocchetti/annovar/humandb/hg38_dbnsfp30a.txt...Done
NOTICE: Processing next batch with 133137 unique variants in 133927 input lines
NOTICE: Database index loaded. Total number of bins is 549138 and the number of bins to be scanned is 15008
NOTICE: Scanning filter database /scratch/fuchs/agmisc/chiocchetti/annovar/humandb/hg38_dbnsfp30a.txt...Done
slurmstepd: error: *** JOB 697664 ON node24-012 CANCELLED AT 2021-10-19T00:57:24 DUE TO TIME LIMIT ***
